#
# There is insufficient memory for the Java Runtime Environment to continue.
# Native memory allocation (mmap) failed to map 65536 bytes. Error detail: Failed to commit metaspace.
# Possible reasons:
#   The system is out of physical RAM or swap space
#   This process is running with CompressedOops enabled, and the Java Heap may be blocking the growth of the native heap
# Possible solutions:
#   Reduce memory load on the system
#   Increase physical memory or swap space
#   Check if swap backing store is full
#   Decrease Java heap size (-Xmx/-Xms)
#   Decrease number of Java threads
#   Decrease Java thread stack sizes (-Xss)
#   Set larger code cache with -XX:ReservedCodeCacheSize=
#   JVM is running with Unscaled Compressed Oops mode in which the Java heap is
#     placed in the first 4GB address space. The Java Heap base address is the
#     maximum limit for the native heap growth. Please use -XX:HeapBaseMinAddress
#     to set the Java Heap base and to place the Java Heap above 4GB virtual address.
# This output file may be truncated or incomplete.
#
#  Out of Memory Error (virtualSpaceNode.cpp:112), pid=63264, tid=27664
#
# JRE version: OpenJDK Runtime Environment Corretto-21.0.3.9.1 (21.0.3+9) (build 21.0.3+9-LTS)
# Java VM: OpenJDK 64-Bit Server VM Corretto-21.0.3.9.1 (21.0.3+9-LTS, mixed mode, sharing, tiered, compressed oops, compressed class ptrs, g1 gc, windows-amd64)
# No core dump will be written. Minidumps are not enabled by default on client versions of Windows
#

---------------  S U M M A R Y ------------

Command Line: -javaagent:C:\Program Files\JetBrains\IntelliJ IDEA 2024.1.4\lib\idea_rt.jar=60341:C:\Program Files\JetBrains\IntelliJ IDEA 2024.1.4\bin -Dfile.encoding=UTF-8 -Dsun.stdout.encoding=UTF-8 -Dsun.stderr.encoding=UTF-8 com.example.main.MainApp

Host: 11th Gen Intel(R) Core(TM) i5-11320H @ 3.20GHz, 8 cores, 7G,  Windows 11 , 64 bit Build 22621 (10.0.22621.3672)
Time: Tue Jul 23 20:22:39 2024 SE Asia Standard Time elapsed time: 1.416696 seconds (0d 0h 0m 1s)

---------------  T H R E A D  ---------------

Current thread (0x00000211acda9490):  JavaThread "main"             [_thread_in_vm, id=27664, stack(0x000000cc30800000,0x000000cc30900000) (1024K)]

Stack: [0x000000cc30800000,0x000000cc30900000]
Native frames: (J=compiled Java code, j=interpreted, Vv=VM code, C=native code)
V  [jvm.dll+0x6d4fa9]
V  [jvm.dll+0x8b01c3]
V  [jvm.dll+0x8b251e]
V  [jvm.dll+0x8b2c03]
V  [jvm.dll+0x284fb6]
V  [jvm.dll+0x8abe0e]
V  [jvm.dll+0x676a85]
V  [jvm.dll+0x1e9261]
V  [jvm.dll+0x1e902e]
V  [jvm.dll+0x679398]
V  [jvm.dll+0x6791d2]
V  [jvm.dll+0x67743e]
V  [jvm.dll+0x681707]
V  [jvm.dll+0x21b48c]
V  [jvm.dll+0x21b9d5]
V  [jvm.dll+0x21c4cb]
V  [jvm.dll+0x21133e]
V  [jvm.dll+0x5b4fab]
V  [jvm.dll+0x222b77]
V  [jvm.dll+0x8284a1]
V  [jvm.dll+0x8294c2]
V  [jvm.dll+0x829a6f]
V  [jvm.dll+0x829718]
V  [jvm.dll+0x47e6e4]
C  [java.dll+0x13e9]

Java frames: (J=compiled Java code, j=interpreted, Vv=VM code)
J 1240  java.lang.Class.forName0(Ljava/lang/String;ZLjava/lang/ClassLoader;Ljava/lang/Class;)Ljava/lang/Class; java.base@21.0.3 (0 bytes) @ 0x00000211bf15db5f [0x00000211bf15dac0+0x000000000000009f]
J 1138 c1 java.lang.Class.forName(Ljava/lang/String;ZLjava/lang/ClassLoader;Ljava/lang/Class;)Ljava/lang/Class; java.base@21.0.3 (41 bytes) @ 0x00000211b784573c [0x00000211b7845640+0x00000000000000fc]
J 1137 c1 java.lang.Class.forName(Ljava/lang/String;ZLjava/lang/ClassLoader;)Ljava/lang/Class; java.base@21.0.3 (24 bytes) @ 0x00000211b784526c [0x00000211b7845160+0x000000000000010c]
j  sun.nio.cs.StandardCharsets.lookup(Ljava/lang/String;)Ljava/nio/charset/Charset;+122 java.base@21.0.3
j  sun.nio.cs.StandardCharsets.charsetForName(Ljava/lang/String;)Ljava/nio/charset/Charset;+6 java.base@21.0.3
j  java.nio.charset.Charset.lookup2(Ljava/lang/String;)Ljava/nio/charset/Charset;+39 java.base@21.0.3
j  java.nio.charset.Charset.lookup(Ljava/lang/String;)Ljava/nio/charset/Charset;+40 java.base@21.0.3
j  java.nio.charset.Charset.forName(Ljava/lang/String;)Ljava/nio/charset/Charset;+1 java.base@21.0.3
j  com.mysql.cj.MysqlCharset.<init>(Ljava/lang/String;II[Ljava/lang/String;Lcom/mysql/cj/ServerVersion;)V+61
j  com.mysql.cj.MysqlCharset.<init>(Ljava/lang/String;II[Ljava/lang/String;)V+16
j  com.mysql.cj.CharsetMapping.<clinit>()V+598
v  ~StubRoutines::call_stub 0x00000211beb610e7
j  com.mysql.cj.protocol.a.NativeProtocol.beforeHandshake()V+28
j  com.mysql.cj.protocol.a.NativeProtocol.connect(Ljava/lang/String;Ljava/lang/String;Ljava/lang/String;)V+1
j  com.mysql.cj.NativeSession.connect(Lcom/mysql/cj/conf/HostInfo;Ljava/lang/String;Ljava/lang/String;Ljava/lang/String;ILcom/mysql/cj/TransactionEventHandler;)V+110
j  com.mysql.cj.jdbc.ConnectionImpl.connectOneTryOnly(Z)V+32
j  com.mysql.cj.jdbc.ConnectionImpl.createNewIO(Z)V+27
j  com.mysql.cj.jdbc.ConnectionImpl.<init>(Lcom/mysql/cj/conf/HostInfo;)V+753
j  com.mysql.cj.jdbc.ConnectionImpl.getInstance(Lcom/mysql/cj/conf/HostInfo;)Lcom/mysql/cj/jdbc/JdbcConnection;+5
j  com.mysql.cj.jdbc.NonRegisteringDriver.connect(Ljava/lang/String;Ljava/util/Properties;)Ljava/sql/Connection;+72
j  java.sql.DriverManager.getConnection(Ljava/lang/String;Ljava/util/Properties;Ljava/lang/Class;)Ljava/sql/Connection;+133 java.sql@21.0.3
j  java.sql.DriverManager.getConnection(Ljava/lang/String;Ljava/util/Properties;)Ljava/sql/Connection;+5 java.sql@21.0.3
j  org.springframework.jdbc.datasource.DriverManagerDataSource.getConnectionFromDriverManager(Ljava/lang/String;Ljava/util/Properties;)Ljava/sql/Connection;+2
j  org.springframework.jdbc.datasource.DriverManagerDataSource.getConnectionFromDriver(Ljava/util/Properties;)Ljava/sql/Connection;+67
j  org.springframework.jdbc.datasource.AbstractDriverBasedDataSource.getConnectionFromDriver(Ljava/lang/String;Ljava/lang/String;)Ljava/sql/Connection;+51
j  org.springframework.jdbc.datasource.AbstractDriverBasedDataSource.getConnection()Ljava/sql/Connection;+9
j  org.hibernate.engine.jdbc.connections.internal.DatasourceConnectionProviderImpl.getConnection()Ljava/sql/Connection;+48
j  org.hibernate.engine.jdbc.env.internal.JdbcEnvironmentInitiator$ConnectionProviderJdbcConnectionAccess.obtainConnection()Ljava/sql/Connection;+4
j  org.hibernate.engine.jdbc.env.internal.JdbcEnvironmentInitiator.initiateService(Ljava/util/Map;Lorg/hibernate/service/spi/ServiceRegistryImplementor;)Lorg/hibernate/engine/jdbc/env/spi/JdbcEnvironment;+36
j  org.hibernate.engine.jdbc.env.internal.JdbcEnvironmentInitiator.initiateService(Ljava/util/Map;Lorg/hibernate/service/spi/ServiceRegistryImplementor;)Lorg/hibernate/service/Service;+3
j  org.hibernate.boot.registry.internal.StandardServiceRegistryImpl.initiateService(Lorg/hibernate/service/spi/ServiceInitiator;)Lorg/hibernate/service/Service;+9
j  org.hibernate.service.internal.AbstractServiceRegistryImpl.createService(Lorg/hibernate/service/spi/ServiceBinding;)Lorg/hibernate/service/Service;+26
j  org.hibernate.service.internal.AbstractServiceRegistryImpl.initializeService(Lorg/hibernate/service/spi/ServiceBinding;)Lorg/hibernate/service/Service;+30
j  org.hibernate.service.internal.AbstractServiceRegistryImpl.getService(Ljava/lang/Class;)Lorg/hibernate/service/Service;+115
j  org.hibernate.id.factory.internal.DefaultIdentifierGeneratorFactory.injectServices(Lorg/hibernate/service/spi/ServiceRegistryImplementor;)V+9
j  org.hibernate.service.internal.AbstractServiceRegistryImpl.injectDependencies(Lorg/hibernate/service/spi/ServiceBinding;)V+24
j  org.hibernate.service.internal.AbstractServiceRegistryImpl.initializeService(Lorg/hibernate/service/spi/ServiceBinding;)Lorg/hibernate/service/Service;+45
j  org.hibernate.service.internal.AbstractServiceRegistryImpl.getService(Ljava/lang/Class;)Lorg/hibernate/service/Service;+115
j  org.hibernate.boot.internal.InFlightMetadataCollectorImpl.<init>(Lorg/hibernate/boot/spi/BootstrapContext;Lorg/hibernate/boot/spi/MetadataBuildingOptions;)V+277
j  org.hibernate.boot.model.process.spi.MetadataBuildingProcess.complete(Lorg/hibernate/boot/model/process/spi/ManagedResources;Lorg/hibernate/boot/spi/BootstrapContext;Lorg/hibernate/boot/spi/MetadataBuildingOptions;)Lorg/hibernate/boot/spi/MetadataImplementor;+6
j  org.hibernate.boot.model.process.spi.MetadataBuildingProcess.build(Lorg/hibernate/boot/MetadataSources;Lorg/hibernate/boot/spi/BootstrapContext;Lorg/hibernate/boot/spi/MetadataBuildingOptions;)Lorg/hibernate/boot/spi/MetadataImplementor;+7
j  org.hibernate.boot.internal.MetadataBuilderImpl.build()Lorg/hibernate/boot/spi/MetadataImplementor;+96
j  org.hibernate.boot.internal.MetadataBuilderImpl.build()Lorg/hibernate/boot/Metadata;+1
j  org.hibernate.cfg.Configuration.buildSessionFactory(Lorg/hibernate/service/ServiceRegistry;)Lorg/hibernate/SessionFactory;+358
j  org.hibernate.cfg.Configuration.buildSessionFactory()Lorg/hibernate/SessionFactory;+32
j  org.springframework.orm.hibernate5.LocalSessionFactoryBean.buildSessionFactory(Lorg/springframework/orm/hibernate5/LocalSessionFactoryBuilder;)Lorg/hibernate/SessionFactory;+19
j  org.springframework.orm.hibernate5.LocalSessionFactoryBean.afterPropertiesSet()V+608
j  org.springframework.beans.factory.support.AbstractAutowireCapableBeanFactory.invokeInitMethods(Ljava/lang/String;Ljava/lang/Object;Lorg/springframework/beans/factory/support/RootBeanDefinition;)V+106
j  org.springframework.beans.factory.support.AbstractAutowireCapableBeanFactory.initializeBean(Ljava/lang/String;Ljava/lang/Object;Lorg/springframework/beans/factory/support/RootBeanDefinition;)Ljava/lang/Object;+59
j  org.springframework.beans.factory.support.AbstractAutowireCapableBeanFactory.doCreateBean(Ljava/lang/String;Lorg/springframework/beans/factory/support/RootBeanDefinition;[Ljava/lang/Object;)Ljava/lang/Object;+245
j  org.springframework.beans.factory.support.AbstractAutowireCapableBeanFactory.createBean(Ljava/lang/String;Lorg/springframework/beans/factory/support/RootBeanDefinition;[Ljava/lang/Object;)Ljava/lang/Object;+169
j  org.springframework.beans.factory.support.AbstractBeanFactory.lambda$doGetBean$0(Ljava/lang/String;Lorg/springframework/beans/factory/support/RootBeanDefinition;[Ljava/lang/Object;)Ljava/lang/Object;+4
j  org.springframework.beans.factory.support.AbstractBeanFactory$$Lambda+0x00000211cd0f5ee0.getObject()Ljava/lang/Object;+16
j  org.springframework.beans.factory.support.DefaultSingletonBeanRegistry.getSingleton(Ljava/lang/String;Lorg/springframework/beans/factory/ObjectFactory;)Ljava/lang/Object;+132
j  org.springframework.beans.factory.support.AbstractBeanFactory.doGetBean(Ljava/lang/String;Ljava/lang/Class;[Ljava/lang/Object;Z)Ljava/lang/Object;+513
j  org.springframework.beans.factory.support.AbstractBeanFactory.getBean(Ljava/lang/String;)Ljava/lang/Object;+5
j  org.springframework.beans.factory.config.DependencyDescriptor.resolveCandidate(Ljava/lang/String;Ljava/lang/Class;Lorg/springframework/beans/factory/BeanFactory;)Ljava/lang/Object;+2
j  org.springframework.beans.factory.support.DefaultListableBeanFactory.doResolveDependency(Lorg/springframework/beans/factory/config/DependencyDescriptor;Ljava/lang/String;Ljava/util/Set;Lorg/springframework/beans/TypeConverter;)Ljava/lang/Object;+440
j  org.springframework.beans.factory.support.DefaultListableBeanFactory.resolveDependency(Lorg/springframework/beans/factory/config/DependencyDescriptor;Ljava/lang/String;Ljava/util/Set;Lorg/springframework/beans/TypeConverter;)Ljava/lang/Object;+108
j  org.springframework.beans.factory.annotation.AutowiredAnnotationBeanPostProcessor$AutowiredFieldElement.resolveFieldValue(Ljava/lang/reflect/Field;Ljava/lang/Object;Ljava/lang/String;)Ljava/lang/Object;+81
j  org.springframework.beans.factory.annotation.AutowiredAnnotationBeanPostProcessor$AutowiredFieldElement.inject(Ljava/lang/Object;Ljava/lang/String;Lorg/springframework/beans/PropertyValues;)V+53
j  org.springframework.beans.factory.annotation.InjectionMetadata.inject(Ljava/lang/Object;Ljava/lang/String;Lorg/springframework/beans/PropertyValues;)V+68
j  org.springframework.beans.factory.annotation.AutowiredAnnotationBeanPostProcessor.postProcessProperties(Lorg/springframework/beans/PropertyValues;Ljava/lang/Object;Ljava/lang/String;)Lorg/springframework/beans/PropertyValues;+17
j  org.springframework.beans.factory.support.AbstractAutowireCapableBeanFactory.populateBean(Ljava/lang/String;Lorg/springframework/beans/factory/support/RootBeanDefinition;Lorg/springframework/beans/BeanWrapper;)V+265
j  org.springframework.beans.factory.support.AbstractAutowireCapableBeanFactory.doCreateBean(Ljava/lang/String;Lorg/springframework/beans/factory/support/RootBeanDefinition;[Ljava/lang/Object;)Ljava/lang/Object;+237
j  org.springframework.beans.factory.support.AbstractAutowireCapableBeanFactory.createBean(Ljava/lang/String;Lorg/springframework/beans/factory/support/RootBeanDefinition;[Ljava/lang/Object;)Ljava/lang/Object;+169
j  org.springframework.beans.factory.support.AbstractBeanFactory.lambda$doGetBean$0(Ljava/lang/String;Lorg/springframework/beans/factory/support/RootBeanDefinition;[Ljava/lang/Object;)Ljava/lang/Object;+4
j  org.springframework.beans.factory.support.AbstractBeanFactory$$Lambda+0x00000211cd0f5ee0.getObject()Ljava/lang/Object;+16
j  org.springframework.beans.factory.support.DefaultSingletonBeanRegistry.getSingleton(Ljava/lang/String;Lorg/springframework/beans/factory/ObjectFactory;)Ljava/lang/Object;+132
j  org.springframework.beans.factory.support.AbstractBeanFactory.doGetBean(Ljava/lang/String;Ljava/lang/Class;[Ljava/lang/Object;Z)Ljava/lang/Object;+513
j  org.springframework.beans.factory.support.AbstractBeanFactory.getBean(Ljava/lang/String;)Ljava/lang/Object;+5
j  org.springframework.beans.factory.support.DefaultListableBeanFactory.preInstantiateSingletons()V+248
j  org.springframework.context.support.AbstractApplicationContext.finishBeanFactoryInitialization(Lorg/springframework/beans/factory/config/ConfigurableListableBeanFactory;)V+124
j  org.springframework.context.support.AbstractApplicationContext.refresh()V+86
j  org.springframework.context.support.ClassPathXmlApplicationContext.<init>([Ljava/lang/String;ZLorg/springframework/context/ApplicationContext;)V+15
j  org.springframework.context.support.ClassPathXmlApplicationContext.<init>(Ljava/lang/String;)V+11
j  com.example.main.MainApp.main([Ljava/lang/String;)V+6
v  ~StubRoutines::call_stub 0x00000211beb610e7

Compiled method (n/a)    1441 1240     n 0       java.lang.Class::forName0 (native)
 total in heap  [0x00000211bf15d910,0x00000211bf15e040] = 1840
 relocation     [0x00000211bf15da70,0x00000211bf15dab0] = 64
 main code      [0x00000211bf15dac0,0x00000211bf15e03d] = 1405
 stub code      [0x00000211bf15e03d,0x00000211bf15e040] = 3

[Constant Pool (empty)]

[MachCode]
[Entry Point]
  # {method} {0x00000211cc46fe68} 'forName0' '(Ljava/lang/String;ZLjava/lang/ClassLoader;Ljava/lang/Class;)Ljava/lang/Class;' in 'java/lang/Class'
  # parm0:    rdx:rdx   = 'java/lang/String'
  # parm1:    r8        = boolean
  # parm2:    r9:r9     = 'java/lang/ClassLoader'
  # parm3:    rdi:rdi   = 'java/lang/Class'
  #           [sp+0x80]  (sp of caller)
  0x00000211bf15dac0: 448b 5208 | 49bb 0000 | 00cc 1102 | 0000 4d03 | d349 3bc2 | 0f84 0600 

  0x00000211bf15dad8: ;   {runtime_call ic_miss_stub}
  0x00000211bf15dad8: 0000 e9a1 | 0ea5 ff90 
[Verified Entry Point]
  0x00000211bf15dae0: 8984 2400 | 80ff ff55 | 488b ec48 | 83ec 7090 | 4181 7f20 | 0100 0000 

  0x00000211bf15daf8: ;   {runtime_call StubRoutines (final stubs)}
  0x00000211bf15daf8: 7405 e801 | 87a3 ff48 | 897c 2448 | 4883 ff00 | 488d 4424 | 4848 0f44 | 4424 4848 | 8944 2428 
  0x00000211bf15db18: 4c89 4c24 | 4049 83f9 | 0048 8d44 | 2440 480f | 4444 2440 | 4889 4424 | 204d 8bc8 | 4889 5424 
  0x00000211bf15db38: 3048 83fa | 004c 8d44 | 2430 4c0f | 4444 2430 

  0x00000211bf15db48: ;   {oop(a 'java/lang/Class'{0x000000008a397ce8} = 'java/lang/Class')}
  0x00000211bf15db48: 49be e87c | 398a 0000 | 0000 4c89 | 7424 604c | 8d74 2460 | 498b d6c5 

  0x00000211bf15db60: ;   {internal_word}
  0x00000211bf15db60: f877 49ba | 5fdb 15bf | 1102 0000 | 4d89 97a0 | 0300 0049 | 89a7 9803 

  0x00000211bf15db78: ;   {external_word}
  0x00000211bf15db78: 0000 49ba | 3f89 61bd | ff7f 0000 | 4180 3a00 | 0f84 4e00 | 0000 5241 

  0x00000211bf15db90: ;   {metadata({method} {0x00000211cc46fe68} 'forName0' '(Ljava/lang/String;ZLjava/lang/ClassLoader;Ljava/lang/Class;)Ljava/lang/Class;' in 'java/lang/Class')}
  0x00000211bf15db90: 5041 5148 | ba60 fe46 | cc11 0200 | 0049 8bcf | 4883 ec20 | 40f6 c40f | 0f84 1900 | 0000 4883 
  0x00000211bf15dbb0: ;   {runtime_call}
  0x00000211bf15dbb0: ec08 48b8 | 10b8 0bbd | ff7f 0000 | ffd0 4883 | c408 e90c 

  0x00000211bf15dbc4: ;   {runtime_call}
  0x00000211bf15dbc4: 0000 0048 | b810 b80b | bdff 7f00 | 00ff d048 | 83c4 2041 | 5941 585a | 498d 8fb8 | 0300 0041 
  0x00000211bf15dbe4: c787 4c04 | 0000 0400 

  0x00000211bf15dbec: ;   {runtime_call}
  0x00000211bf15dbec: 0000 48b8 | d412 df2e | f87f 0000 | ffd0 c5f8 | 7741 c787 | 4c04 0000 | 0500 0000 | f083 4424 
  0x00000211bf15dc0c: c000 493b | af50 0400 | 000f 870e | 0000 0041 | 83bf 4804 | 0000 000f | 842b 0000 | 00c5 f877 
  0x00000211bf15dc2c: 4889 45f8 | 498b cf4c | 8be4 4883 | ec20 4883 

  0x00000211bf15dc3c: ;   {runtime_call}
  0x00000211bf15dc3c: e4f0 48b8 | 2036 d7bc | ff7f 0000 | ffd0 498b | e44d 33e4 | 488b 45f8 | 41c7 874c | 0400 0008 
  0x00000211bf15dc5c: 0000 0041 | 83bf c804 | 0000 020f | 84a3 0300 

  0x00000211bf15dc6c: ;   {external_word}
  0x00000211bf15dc6c: 0049 ba3f | 8961 bdff | 7f00 0041 | 803a 000f | 844c 0000 | 0048 8945 

  0x00000211bf15dc84: ;   {metadata({method} {0x00000211cc46fe68} 'forName0' '(Ljava/lang/String;ZLjava/lang/ClassLoader;Ljava/lang/Class;)Ljava/lang/Class;' in 'java/lang/Class')}
  0x00000211bf15dc84: f848 ba60 | fe46 cc11 | 0200 0049 | 8bcf 4883 | ec20 40f6 | c40f 0f84 | 1900 0000 | 4883 ec08 
  0x00000211bf15dca4: ;   {runtime_call}
  0x00000211bf15dca4: 48b8 10b8 | 0bbd ff7f | 0000 ffd0 | 4883 c408 | e90c 0000 

  0x00000211bf15dcb8: ;   {runtime_call}
  0x00000211bf15dcb8: 0048 b810 | b80b bdff | 7f00 00ff | d048 83c4 | 2048 8b45 | f849 c787 | 9803 0000 | 0000 0000 
  0x00000211bf15dcd8: 49c7 87a0 | 0300 0000 | 0000 00c5 | f877 4885 | c00f 84fe | 0200 00a8 | 030f 8508 | 0000 0048 
  0x00000211bf15dcf8: 8b00 e9ee | 0200 00a8 | 010f 8509 | 0000 0048 | 8b40 fee9 | dd02 0000 | 488b 40ff | 4180 7f40 
  0x00000211bf15dd18: 000f 84ce | 0200 0048 | 83f8 000f | 84c4 0200 | 0049 8b4f | 2848 83f9 | 000f 8414 | 0000 0048 
  0x00000211bf15dd38: 83e9 0849 | 894f 2849 | 034f 3848 | 8901 e9a2 | 0200 0048 | 81ec 5001 | 0000 4889 | 0424 4889 
  0x00000211bf15dd58: 4c24 0848 | 8954 2410 | 4889 7424 | 1848 897c | 2420 4c89 | 4424 284c | 894c 2430 | 4c89 5424 
  0x00000211bf15dd78: 384c 895c | 2440 c5fb | 1144 2450 | c5fb 114c | 2458 c5fb | 1154 2460 | c5fb 115c | 2468 c5fb 
  0x00000211bf15dd98: 1164 2470 | c5fb 116c | 2478 c5fb | 11b4 2480 | 0000 00c5 | fb11 bc24 | 8800 0000 | c57b 1184 
  0x00000211bf15ddb8: ;   {no_reloc}
  0x00000211bf15ddb8: 2490 0000 | 00c5 7b11 | 8c24 9800 | 0000 c57b | 1194 24a0 | 0000 00c5 | 7b11 9c24 | a800 0000 
  0x00000211bf15ddd8: c57b 11a4 | 24b0 0000 | 00c5 7b11 | ac24 b800 | 0000 c57b | 11b4 24c0 | 0000 00c5 | 7b11 bc24 
  0x00000211bf15ddf8: c800 0000 | 62e1 ff08 | 1144 241a | 62e1 ff08 | 114c 241b | 62e1 ff08 | 1154 241c | 62e1 ff08 
  0x00000211bf15de18: 115c 241d | 62e1 ff08 | 1164 241e | 62e1 ff08 | 116c 241f | 62e1 ff08 | 1174 2420 | 62e1 ff08 
  0x00000211bf15de38: 117c 2421 | 6261 ff08 | 1144 2422 | 6261 ff08 | 114c 2423 | 6261 ff08 | 1154 2424 | 6261 ff08 
  0x00000211bf15de58: 115c 2425 | 6261 ff08 | 1164 2426 | 6261 ff08 | 116c 2427 | 6261 ff08 | 1174 2428 | 6261 ff08 
  0x00000211bf15de78: 117c 2429 | 498b d748 | 8bc8 4883 | ec20 40f6 | c40f 0f84 | 1900 0000 | 4883 ec08 

  0x00000211bf15de94: ;   {runtime_call}
  0x00000211bf15de94: 48b8 1085 | cabc ff7f | 0000 ffd0 | 4883 c408 | e90c 0000 

  0x00000211bf15dea8: ;   {runtime_call}
  0x00000211bf15dea8: 0048 b810 | 85ca bcff | 7f00 00ff | d048 83c4 | 2062 61ff | 0810 7c24 | 2962 61ff | 0810 7424 
  0x00000211bf15dec8: 2862 61ff | 0810 6c24 | 2762 61ff | 0810 6424 | 2662 61ff | 0810 5c24 | 2562 61ff | 0810 5424 
  0x00000211bf15dee8: 2462 61ff | 0810 4c24 | 2362 61ff | 0810 4424 | 2262 e1ff | 0810 7c24 | 2162 e1ff | 0810 7424 
  0x00000211bf15df08: 2062 e1ff | 0810 6c24 | 1f62 e1ff | 0810 6424 | 1e62 e1ff | 0810 5c24 | 1d62 e1ff | 0810 5424 
  0x00000211bf15df28: 1c62 e1ff | 0810 4c24 | 1b62 e1ff | 0810 4424 | 1ac5 7b10 | bc24 c800 | 0000 c57b | 10b4 24c0 
  0x00000211bf15df48: 0000 00c5 | 7b10 ac24 | b800 0000 | c57b 10a4 | 24b0 0000 | 00c5 7b10 | 9c24 a800 | 0000 c57b 
  0x00000211bf15df68: 1094 24a0 | 0000 00c5 | 7b10 8c24 | 9800 0000 | c57b 1084 | 2490 0000 | 00c5 fb10 | bc24 8800 
  0x00000211bf15df88: 0000 c5fb | 10b4 2480 | 0000 00c5 | fb10 6c24 | 78c5 fb10 | 6424 70c5 | fb10 5c24 | 68c5 fb10 
  0x00000211bf15dfa8: ;   {no_reloc}
  0x00000211bf15dfa8: 5424 60c5 | fb10 4c24 | 58c5 fb10 | 4424 504c | 8b5c 2440 | 4c8b 5424 | 384c 8b4c | 2430 4c8b 
  0x00000211bf15dfc8: 4424 2848 | 8b7c 2420 | 488b 7424 | 1848 8b54 | 2410 488b | 4c24 0848 | 8b04 2448 | 81c4 5001 
  0x00000211bf15dfe8: 0000 c5f8 | 7749 8b8f | 2804 0000 | c781 0001 | 0000 0000 | 0000 c949 | 837f 0800 | 0f85 0100 
  0x00000211bf15e008: ;   {runtime_call StubRoutines (initial stubs)}
  0x00000211bf15e008: 0000 c3e9 | f02e a0ff | c5f8 7748 | 8945 f84c | 8be4 4883 | ec20 4883 

  0x00000211bf15e020: ;   {runtime_call}
  0x00000211bf15e020: e4f0 48b8 | b0ef 0bbd | ff7f 0000 | ffd0 498b | e44d 33e4 | 488b 45f8 | e930 fcff | fff4 f4f4 
[/MachCode]


Compiled method (c1)    1448 1138       3       java.lang.Class::forName (41 bytes)
 total in heap  [0x00000211b7845490,0x00000211b7845900] = 1136
 relocation     [0x00000211b78455f0,0x00000211b7845640] = 80
 main code      [0x00000211b7845640,0x00000211b78457f8] = 440
 stub code      [0x00000211b78457f8,0x00000211b7845838] = 64
 metadata       [0x00000211b7845838,0x00000211b7845850] = 24
 scopes data    [0x00000211b7845850,0x00000211b7845898] = 72
 scopes pcs     [0x00000211b7845898,0x00000211b78458f8] = 96
 dependencies   [0x00000211b78458f8,0x00000211b7845900] = 8

[Constant Pool (empty)]

[MachCode]
[Verified Entry Point]
  # {method} {0x00000211cc470030} 'forName' '(Ljava/lang/String;ZLjava/lang/ClassLoader;Ljava/lang/Class;)Ljava/lang/Class;' in 'java/lang/Class'
  # parm0:    rdx:rdx   = 'java/lang/String'
  # parm1:    r8        = boolean
  # parm2:    r9:r9     = 'java/lang/ClassLoader'
  # parm3:    rdi:rdi   = 'java/lang/Class'
  #           [sp+0x70]  (sp of caller)
  0x00000211b7845640: 8984 2400 | 80ff ff55 | 4883 ec60 | 4181 7f20 | 0100 0000 

  0x00000211b7845654: ;   {runtime_call StubRoutines (final stubs)}
  0x00000211b7845654: 7405 e8a5 

  0x00000211b7845658: ;   {metadata(method data for {method} {0x00000211cc470030} 'forName' '(Ljava/lang/String;ZLjava/lang/ClassLoader;Ljava/lang/Class;)Ljava/lang/Class;' in 'java/lang/Class')}
  0x00000211b7845658: 0b35 0748 | be30 f574 | 0d12 0200 | 008b 9ecc | 0000 0083 | c302 899e | cc00 0000 | 81e3 fe07 
  0x00000211b7845678: 0000 85db | 0f84 d500 

  0x00000211b7845680: ;   {metadata(method data for {method} {0x00000211cc470030} 'forName' '(Ljava/lang/String;ZLjava/lang/ClassLoader;Ljava/lang/Class;)Ljava/lang/Class;' in 'java/lang/Class')}
  0x00000211b7845680: 0000 48be | 30f5 740d | 1202 0000 | 4883 8610 | 0100 0001 

  0x00000211b7845694: ;   {metadata(method data for {method} {0x00000211cc01b078} 'getSecurityManager' '()Ljava/lang/SecurityManager;' in 'java/lang/System')}
  0x00000211b7845694: 48be 1079 | 020d 1202 | 0000 8b9e | cc00 0000 | 83c3 0289 | 9ecc 0000 | 0081 e3fe | ff1f 0085 
  0x00000211b78456b4: db0f 84bd 

  0x00000211b78456b8: ;   {metadata(method data for {method} {0x00000211cc01b078} 'getSecurityManager' '()Ljava/lang/SecurityManager;' in 'java/lang/System')}
  0x00000211b78456b8: 0000 0048 | be10 7902 | 0d12 0200 | 0048 8386 | 1001 0000 

  0x00000211b78456cc: ;   {metadata(method data for {method} {0x00000211cc01b190} 'allowSecurityManager' '()Z' in 'java/lang/System')}
  0x00000211b78456cc: 0148 be88 | 7a02 0d12 | 0200 008b | 9ecc 0000 | 0083 c302 | 899e cc00 | 0000 81e3 | feff 1f00 
  0x00000211b78456ec: 85db 0f84 | a500 0000 

  0x00000211b78456f4: ;   {metadata(method data for {method} {0x00000211cc01b190} 'allowSecurityManager' '()Z' in 'java/lang/System')}
  0x00000211b78456f4: 48be 887a | 020d 1202 | 0000 ff86 | 1001 0000 

  0x00000211b7845704: ;   {metadata(method data for {method} {0x00000211cc01b078} 'getSecurityManager' '()Ljava/lang/SecurityManager;' in 'java/lang/System')}
  0x00000211b7845704: 48be 1079 | 020d 1202 | 0000 ff86 | 2001 0000 

  0x00000211b7845714: ;   {metadata(method data for {method} {0x00000211cc470030} 'forName' '(Ljava/lang/String;ZLjava/lang/ClassLoader;Ljava/lang/Class;)Ljava/lang/Class;' in 'java/lang/Class')}
  0x00000211b7845714: 48be 30f5 | 740d 1202 | 0000 ff86 | 2001 0000 

  0x00000211b7845724: ;   {metadata(method data for {method} {0x00000211cc470030} 'forName' '(Ljava/lang/String;ZLjava/lang/ClassLoader;Ljava/lang/Class;)Ljava/lang/Class;' in 'java/lang/Class')}
  0x00000211b7845724: 48be 30f5 | 740d 1202 | 0000 4883 | 86c8 0100 

  0x00000211b7845734: ;   {static_call}
  0x00000211b7845734: 0001 90e8 

  0x00000211b7845738: ; ImmutableOopMap {}
                      ;*invokestatic forName0 {reexecute=0 rethrow=0 return_oop=0}
                      ; - java.lang.Class::forName@37 (line 534)
  0x00000211b7845738: a483 9107 

  0x00000211b784573c: ;   {other}
  0x00000211b784573c: 0f1f 8400 | ac02 0000 | 4883 c460 

  0x00000211b7845748: ;   {poll_return}
  0x00000211b7845748: 5d49 3ba7 | 5004 0000 | 0f87 6400 

  0x00000211b7845754: ;   {metadata({method} {0x00000211cc470030} 'forName' '(Ljava/lang/String;ZLjava/lang/ClassLoader;Ljava/lang/Class;)Ljava/lang/Class;' in 'java/lang/Class')}
  0x00000211b7845754: 0000 c349 | ba28 0047 | cc11 0200 | 004c 8954 | 2408 48c7 | 0424 ffff 

  0x00000211b784576c: ;   {runtime_call counter_overflow Runtime1 stub}
  0x00000211b784576c: ffff e88d 

  0x00000211b7845770: ; ImmutableOopMap {rdx=Oop r9=Oop rdi=Oop }
                      ;*synchronization entry
                      ; - java.lang.Class::forName@-1 (line 522)
  0x00000211b7845770: 4f44 07e9 | 0aff ffff 

  0x00000211b7845778: ;   {metadata({method} {0x00000211cc01b078} 'getSecurityManager' '()Ljava/lang/SecurityManager;' in 'java/lang/System')}
  0x00000211b7845778: 49ba 70b0 | 01cc 1102 | 0000 4c89 | 5424 0848 | c704 24ff 

  0x00000211b784578c: ;   {runtime_call counter_overflow Runtime1 stub}
  0x00000211b784578c: ffff ffe8 

  0x00000211b7845790: ; ImmutableOopMap {rdx=Oop r9=Oop rdi=Oop }
                      ;*synchronization entry
                      ; - java.lang.System::getSecurityManager@-1 (line 504)
                      ; - java.lang.Class::forName@0 (line 522)
  0x00000211b7845790: 6c4f 4407 | e922 ffff 

  0x00000211b7845798: ;   {metadata({method} {0x00000211cc01b190} 'allowSecurityManager' '()Z' in 'java/lang/System')}
  0x00000211b7845798: ff49 ba88 | b101 cc11 | 0200 004c | 8954 2408 | 48c7 0424 | ffff ffff 

  0x00000211b78457b0: ;   {runtime_call counter_overflow Runtime1 stub}
  0x00000211b78457b0: e84b 4f44 

  0x00000211b78457b4: ; ImmutableOopMap {rdx=Oop r9=Oop rdi=Oop }
                      ;*synchronization entry
                      ; - java.lang.System::allowSecurityManager@-1 (line 212)
                      ; - java.lang.System::getSecurityManager@0 (line 504)
                      ; - java.lang.Class::forName@0 (line 522)
  0x00000211b78457b4: 07e9 3aff 

  0x00000211b78457b8: ;   {internal_word}
  0x00000211b78457b8: ffff 49ba | 4957 84b7 | 1102 0000 | 4d89 9768 

  0x00000211b78457c8: ;   {runtime_call SafepointBlob}
  0x00000211b78457c8: 0400 00e9 | b013 3707 | 498b 8700 | 0500 0049 | c787 0005 | 0000 0000 | 0000 49c7 | 8708 0500 
  0x00000211b78457e8: 0000 0000 | 0048 83c4 

  0x00000211b78457f0: ;   {runtime_call unwind_exception Runtime1 stub}
  0x00000211b78457f0: 605d e989 | b343 07f4 
[Stub Code]
  0x00000211b78457f8: ;   {no_reloc}
  0x00000211b78457f8: 48bb 60fe | 46cc 1102 

  0x00000211b7845800: ;   {runtime_call I2C/C2I adapters}
  0x00000211b7845800: 0000 e988 

  0x00000211b7845804: ;   {runtime_call handle_exception_from_callee Runtime1 stub}
  0x00000211b7845804: 0334 07e8 | 740c 4407 

  0x00000211b784580c: ;   {external_word}
  0x00000211b784580c: 48b9 10e1 | 37bd ff7f | 0000 4883 

  0x00000211b7845818: ;   {runtime_call}
  0x00000211b7845818: e4f0 48b8 | 00a2 fabc | ff7f 0000 

  0x00000211b7845824: ;   {section_word}
  0x00000211b7845824: ffd0 f449 | ba27 5884 | b711 0200 

  0x00000211b7845830: ;   {runtime_call DeoptimizationBlob}
  0x00000211b7845830: 0041 52e9 | e827 3707 
[/MachCode]


Compiled method (c1)    1451 1137       3       java.lang.Class::forName (24 bytes)
 total in heap  [0x00000211b7844f90,0x00000211b7845438] = 1192
 relocation     [0x00000211b78450f0,0x00000211b7845148] = 88
 main code      [0x00000211b7845160,0x00000211b7845328] = 456
 stub code      [0x00000211b7845328,0x00000211b7845368] = 64
 metadata       [0x00000211b7845368,0x00000211b7845380] = 24
 scopes data    [0x00000211b7845380,0x00000211b78453d0] = 80
 scopes pcs     [0x00000211b78453d0,0x00000211b7845430] = 96
 dependencies   [0x00000211b7845430,0x00000211b7845438] = 8

[Constant Pool (empty)]

[MachCode]
[Verified Entry Point]
  # {method} {0x00000211cc470088} 'forName' '(Ljava/lang/String;ZLjava/lang/ClassLoader;)Ljava/lang/Class;' in 'java/lang/Class'
  # parm0:    rdx:rdx   = 'java/lang/String'
  # parm1:    r8        = boolean
  # parm2:    r9:r9     = 'java/lang/ClassLoader'
  #           [sp+0x70]  (sp of caller)
  0x00000211b7845160: 8984 2400 | 80ff ff55 | 4883 ec60 | 4181 7f20 | 0100 0000 

  0x00000211b7845174: ;   {runtime_call StubRoutines (final stubs)}
  0x00000211b7845174: 7405 e885 

  0x00000211b7845178: ;   {metadata(method data for {method} {0x00000211cc470088} 'forName' '(Ljava/lang/String;ZLjava/lang/ClassLoader;)Ljava/lang/Class;' in 'java/lang/Class')}
  0x00000211b7845178: 1035 0748 | bf80 f374 | 0d12 0200 | 008b b7cc | 0000 0083 | c602 89b7 | cc00 0000 | 81e6 fe07 
  0x00000211b7845198: 0000 85f6 | 0f84 e500 

  0x00000211b78451a0: ;   {metadata(method data for {method} {0x00000211cc470088} 'forName' '(Ljava/lang/String;ZLjava/lang/ClassLoader;)Ljava/lang/Class;' in 'java/lang/Class')}
  0x00000211b78451a0: 0000 48bf | 80f3 740d | 1202 0000 | 4883 8710 | 0100 0001 

  0x00000211b78451b4: ;   {metadata(method data for {method} {0x00000211cc01b078} 'getSecurityManager' '()Ljava/lang/SecurityManager;' in 'java/lang/System')}
  0x00000211b78451b4: 48bf 1079 | 020d 1202 | 0000 8bb7 | cc00 0000 | 83c6 0289 | b7cc 0000 | 0081 e6fe | ff1f 0085 
  0x00000211b78451d4: f60f 84cd 

  0x00000211b78451d8: ;   {metadata(method data for {method} {0x00000211cc01b078} 'getSecurityManager' '()Ljava/lang/SecurityManager;' in 'java/lang/System')}
  0x00000211b78451d8: 0000 0048 | bf10 7902 | 0d12 0200 | 0048 8387 | 1001 0000 

  0x00000211b78451ec: ;   {metadata(method data for {method} {0x00000211cc01b190} 'allowSecurityManager' '()Z' in 'java/lang/System')}
  0x00000211b78451ec: 0148 bf88 | 7a02 0d12 | 0200 008b | b7cc 0000 | 0083 c602 | 89b7 cc00 | 0000 81e6 | feff 1f00 
  0x00000211b784520c: 85f6 0f84 | b500 0000 

  0x00000211b7845214: ;   {metadata(method data for {method} {0x00000211cc01b190} 'allowSecurityManager' '()Z' in 'java/lang/System')}
  0x00000211b7845214: 48bf 887a | 020d 1202 | 0000 ff87 | 1001 0000 

  0x00000211b7845224: ;   {metadata(method data for {method} {0x00000211cc01b078} 'getSecurityManager' '()Ljava/lang/SecurityManager;' in 'java/lang/System')}
  0x00000211b7845224: 48bf 1079 | 020d 1202 | 0000 ff87 | 2001 0000 

  0x00000211b7845234: ;   {metadata(method data for {method} {0x00000211cc470088} 'forName' '(Ljava/lang/String;ZLjava/lang/ClassLoader;)Ljava/lang/Class;' in 'java/lang/Class')}
  0x00000211b7845234: 48bf 80f3 | 740d 1202 | 0000 ff87 | 2001 0000 

  0x00000211b7845244: ;   {metadata(method data for {method} {0x00000211cc470088} 'forName' '(Ljava/lang/String;ZLjava/lang/ClassLoader;)Ljava/lang/Class;' in 'java/lang/Class')}
  0x00000211b7845244: 48bf 80f3 | 740d 1202 | 0000 4883 | 8750 0100 

  0x00000211b7845254: ;   {oop(nullptr)}
  0x00000211b7845254: 0001 48bf | 0000 0000 | 0000 0000 | 0f1f 8000 

  0x00000211b7845264: ;   {static_call}
  0x00000211b7845264: 0000 00e8 

  0x00000211b7845268: ; ImmutableOopMap {}
                      ;*invokestatic forName {reexecute=0 rethrow=0 return_oop=0}
                      ; - java.lang.Class::forName@20 (line 513)
  0x00000211b7845268: d403 0000 

  0x00000211b784526c: ;   {other}
  0x00000211b784526c: 0f1f 8400 | dc02 0000 | 4883 c460 

  0x00000211b7845278: ;   {poll_return}
  0x00000211b7845278: 5d49 3ba7 | 5004 0000 | 0f87 6400 

  0x00000211b7845284: ;   {metadata({method} {0x00000211cc470088} 'forName' '(Ljava/lang/String;ZLjava/lang/ClassLoader;)Ljava/lang/Class;' in 'java/lang/Class')}
  0x00000211b7845284: 0000 c349 | ba80 0047 | cc11 0200 | 004c 8954 | 2408 48c7 | 0424 ffff 

  0x00000211b784529c: ;   {runtime_call counter_overflow Runtime1 stub}
  0x00000211b784529c: ffff e85d 

  0x00000211b78452a0: ; ImmutableOopMap {rdx=Oop r9=Oop }
                      ;*synchronization entry
                      ; - java.lang.Class::forName@-1 (line 505)
  0x00000211b78452a0: 5444 07e9 | fafe ffff 

  0x00000211b78452a8: ;   {metadata({method} {0x00000211cc01b078} 'getSecurityManager' '()Ljava/lang/SecurityManager;' in 'java/lang/System')}
  0x00000211b78452a8: 49ba 70b0 | 01cc 1102 | 0000 4c89 | 5424 0848 | c704 24ff 

  0x00000211b78452bc: ;   {runtime_call counter_overflow Runtime1 stub}
  0x00000211b78452bc: ffff ffe8 

  0x00000211b78452c0: ; ImmutableOopMap {rdx=Oop r9=Oop }
                      ;*synchronization entry
                      ; - java.lang.System::getSecurityManager@-1 (line 504)
                      ; - java.lang.Class::forName@2 (line 507)
  0x00000211b78452c0: 3c54 4407 | e912 ffff 

  0x00000211b78452c8: ;   {metadata({method} {0x00000211cc01b190} 'allowSecurityManager' '()Z' in 'java/lang/System')}
  0x00000211b78452c8: ff49 ba88 | b101 cc11 | 0200 004c | 8954 2408 | 48c7 0424 | ffff ffff 

  0x00000211b78452e0: ;   {runtime_call counter_overflow Runtime1 stub}
  0x00000211b78452e0: e81b 5444 

  0x00000211b78452e4: ; ImmutableOopMap {rdx=Oop r9=Oop }
                      ;*synchronization entry
                      ; - java.lang.System::allowSecurityManager@-1 (line 212)
                      ; - java.lang.System::getSecurityManager@0 (line 504)
                      ; - java.lang.Class::forName@2 (line 507)
  0x00000211b78452e4: 07e9 2aff 

  0x00000211b78452e8: ;   {internal_word}
  0x00000211b78452e8: ffff 49ba | 7952 84b7 | 1102 0000 | 4d89 9768 

  0x00000211b78452f8: ;   {runtime_call SafepointBlob}
  0x00000211b78452f8: 0400 00e9 | 8018 3707 | 498b 8700 | 0500 0049 | c787 0005 | 0000 0000 | 0000 49c7 | 8708 0500 
  0x00000211b7845318: 0000 0000 | 0048 83c4 

  0x00000211b7845320: ;   {runtime_call unwind_exception Runtime1 stub}
  0x00000211b7845320: 605d e959 | b843 07f4 
[Stub Code]
  0x00000211b7845328: ;   {no_reloc}
  0x00000211b7845328: 48bb 2800 | 47cc 1102 

  0x00000211b7845330: ;   {runtime_call I2C/C2I adapters}
  0x00000211b7845330: 0000 e958 

  0x00000211b7845334: ;   {runtime_call handle_exception_from_callee Runtime1 stub}
  0x00000211b7845334: 0834 07e8 | 4411 4407 

  0x00000211b784533c: ;   {external_word}
  0x00000211b784533c: 48b9 10e1 | 37bd ff7f | 0000 4883 

  0x00000211b7845348: ;   {runtime_call}
  0x00000211b7845348: e4f0 48b8 | 00a2 fabc | ff7f 0000 

  0x00000211b7845354: ;   {section_word}
  0x00000211b7845354: ffd0 f449 | ba57 5384 | b711 0200 

  0x00000211b7845360: ;   {runtime_call DeoptimizationBlob}
  0x00000211b7845360: 0041 52e9 | b82c 3707 
[/MachCode]


---------------  P R O C E S S  ---------------

Threads class SMR info:
_java_thread_list=0x00000212117e1030, length=14, elements={
0x00000211acda9490, 0x00000211cba5fa40, 0x00000211cba60910, 0x00000211cba62a20,
0x00000211cba636e0, 0x00000211cba644f0, 0x00000211cba64b80, 0x00000211cba6c750,
0x00000211cba78b90, 0x00000211cba65210, 0x00000211cbe63aa0, 0x00000211cba658a0,
0x00000211cba65f30, 0x00000211cba67970
}

Java Threads: ( => current thread )
=>0x00000211acda9490 JavaThread "main"                              [_thread_in_vm, id=27664, stack(0x000000cc30800000,0x000000cc30900000) (1024K)]
  0x00000211cba5fa40 JavaThread "Reference Handler"          daemon [_thread_blocked, id=53568, stack(0x000000cc31000000,0x000000cc31100000) (1024K)]
  0x00000211cba60910 JavaThread "Finalizer"                  daemon [_thread_blocked, id=62944, stack(0x000000cc31100000,0x000000cc31200000) (1024K)]
  0x00000211cba62a20 JavaThread "Signal Dispatcher"          daemon [_thread_blocked, id=27160, stack(0x000000cc31200000,0x000000cc31300000) (1024K)]
  0x00000211cba636e0 JavaThread "Attach Listener"            daemon [_thread_blocked, id=52380, stack(0x000000cc31300000,0x000000cc31400000) (1024K)]
  0x00000211cba644f0 JavaThread "Service Thread"             daemon [_thread_blocked, id=40420, stack(0x000000cc31400000,0x000000cc31500000) (1024K)]
  0x00000211cba64b80 JavaThread "Monitor Deflation Thread"   daemon [_thread_blocked, id=26472, stack(0x000000cc31500000,0x000000cc31600000) (1024K)]
  0x00000211cba6c750 JavaThread "C2 CompilerThread0"         daemon [_thread_blocked, id=18564, stack(0x000000cc31600000,0x000000cc31700000) (1024K)]
  0x00000211cba78b90 JavaThread "C1 CompilerThread0"         daemon [_thread_blocked, id=36696, stack(0x000000cc31700000,0x000000cc31800000) (1024K)]
  0x00000211cba65210 JavaThread "Common-Cleaner"             daemon [_thread_blocked, id=37952, stack(0x000000cc31800000,0x000000cc31900000) (1024K)]
  0x00000211cbe63aa0 JavaThread "C2 CompilerThread1"         daemon [_thread_blocked, id=52932, stack(0x000000cc31900000,0x000000cc31a00000) (1024K)]
  0x00000211cba658a0 JavaThread "Monitor Ctrl-Break"         daemon [_thread_in_native, id=35744, stack(0x000000cc31a00000,0x000000cc31b00000) (1024K)]
  0x00000211cba65f30 JavaThread "Notification Thread"        daemon [_thread_blocked, id=16784, stack(0x000000cc31b00000,0x000000cc31c00000) (1024K)]
  0x00000211cba67970 JavaThread "mysql-cj-abandoned-connection-cleanup" daemon [_thread_blocked, id=34224, stack(0x000000cc31c00000,0x000000cc31d00000) (1024K)]
Total: 14

Other Threads:
  0x00000211cba40f40 VMThread "VM Thread"                           [id=38808, stack(0x000000cc30f00000,0x000000cc31000000) (1024K)]
  0x00000211cba28c50 WatcherThread "VM Periodic Task Thread"        [id=55464, stack(0x000000cc30e00000,0x000000cc30f00000) (1024K)]
  0x00000211aefb3530 WorkerThread "GC Thread#0"                     [id=54036, stack(0x000000cc30900000,0x000000cc30a00000) (1024K)]
  0x000002121181c510 WorkerThread "GC Thread#1"                     [id=28708, stack(0x000000cc31d00000,0x000000cc31e00000) (1024K)]
  0x000002121192d020 WorkerThread "GC Thread#2"                     [id=43804, stack(0x000000cc31e00000,0x000000cc31f00000) (1024K)]
  0x000002121192dbd0 WorkerThread "GC Thread#3"                     [id=15260, stack(0x000000cc31f00000,0x000000cc32000000) (1024K)]
  0x000002121192df70 WorkerThread "GC Thread#4"                     [id=18288, stack(0x000000cc32000000,0x000000cc32100000) (1024K)]
  0x000002121192e310 WorkerThread "GC Thread#5"                     [id=52248, stack(0x000000cc32100000,0x000000cc32200000) (1024K)]
  0x000002121192eac0 WorkerThread "GC Thread#6"                     [id=58416, stack(0x000000cc32200000,0x000000cc32300000) (1024K)]
  0x00000211aefe05e0 ConcurrentGCThread "G1 Main Marker"            [id=30352, stack(0x000000cc30a00000,0x000000cc30b00000) (1024K)]
  0x00000211aefe0ff0 WorkerThread "G1 Conc#0"                       [id=57492, stack(0x000000cc30b00000,0x000000cc30c00000) (1024K)]
  0x00000211af01e800 ConcurrentGCThread "G1 Refine#0"               [id=62252, stack(0x000000cc30c00000,0x000000cc30d00000) (1024K)]
  0x00000211cb8f8560 ConcurrentGCThread "G1 Service"                [id=54500, stack(0x000000cc30d00000,0x000000cc30e00000) (1024K)]
Total: 13

Threads with active compile tasks:
Total: 0

VM state: not at safepoint (normal execution)

VM Mutex/Monitor currently owned by a thread:  ([mutex/lock_event])
[0x00007fffbd62f048] Metaspace_lock - owner thread: 0x00000211acda9490

Heap address: 0x0000000084000000, size: 1984 MB, Compressed Oops mode: 32-bit

CDS archive(s) mapped at: [0x00000211cc000000-0x00000211ccc90000-0x00000211ccc90000), size 13172736, SharedBaseAddress: 0x00000211cc000000, ArchiveRelocationMode: 1.
Compressed class space mapped at: 0x00000211cd000000-0x000002120d000000, reserved size: 1073741824
Narrow klass base: 0x00000211cc000000, Narrow klass shift: 0, Narrow klass range: 0x100000000

GC Precious Log:
 CardTable entry size: 512
 Card Set container configuration: InlinePtr #cards 5 size 8 Array Of Cards #cards 12 size 40 Howl #buckets 4 coarsen threshold 1843 Howl Bitmap #cards 512 size 80 coarsen threshold 460 Card regions per heap region 1 cards per card region 2048
 CPUs: 8 total, 8 available
 Memory: 7934M
 Large Page Support: Disabled
 NUMA Support: Disabled
 Compressed Oops: Enabled (32-bit)
 Heap Region Size: 1M
 Heap Min Capacity: 8M
 Heap Initial Capacity: 124M
 Heap Max Capacity: 1984M
 Pre-touch: Disabled
 Parallel Workers: 8
 Concurrent Workers: 2
 Concurrent Refinement Workers: 8
 Periodic GC: Disabled

Heap:
 garbage-first heap   total 126976K, used 29581K [0x0000000084000000, 0x0000000100000000)
  region size 1024K, 28 young (28672K), 3 survivors (3072K)
 Metaspace       used 18618K, committed 18816K, reserved 1114112K
  class space    used 2293K, committed 2432K, reserved 1048576K

Heap Regions: E=young(eden), S=young(survivor), O=old, HS=humongous(starts), HC=humongous(continues), CS=collection set, F=free, TAMS=top-at-mark-start, PB=parsable bottom
|   0|0x0000000084000000, 0x0000000084100000, 0x0000000084100000|100%|HS|  |TAMS 0x0000000084000000| PB 0x0000000084000000| Complete 
|   1|0x0000000084100000, 0x00000000841e3640, 0x0000000084200000| 88%| O|  |TAMS 0x0000000084100000| PB 0x0000000084100000| Untracked 
|   2|0x0000000084200000, 0x0000000084200000, 0x0000000084300000|  0%| F|  |TAMS 0x0000000084200000| PB 0x0000000084200000| Untracked 
|   3|0x0000000084300000, 0x0000000084300000, 0x0000000084400000|  0%| F|  |TAMS 0x0000000084300000| PB 0x0000000084300000| Untracked 
|   4|0x0000000084400000, 0x0000000084400000, 0x0000000084500000|  0%| F|  |TAMS 0x0000000084400000| PB 0x0000000084400000| Untracked 
|   5|0x0000000084500000, 0x0000000084500000, 0x0000000084600000|  0%| F|  |TAMS 0x0000000084500000| PB 0x0000000084500000| Untracked 
|   6|0x0000000084600000, 0x0000000084600000, 0x0000000084700000|  0%| F|  |TAMS 0x0000000084600000| PB 0x0000000084600000| Untracked 
|   7|0x0000000084700000, 0x0000000084700000, 0x0000000084800000|  0%| F|  |TAMS 0x0000000084700000| PB 0x0000000084700000| Untracked 
|   8|0x0000000084800000, 0x0000000084800000, 0x0000000084900000|  0%| F|  |TAMS 0x0000000084800000| PB 0x0000000084800000| Untracked 
|   9|0x0000000084900000, 0x0000000084900000, 0x0000000084a00000|  0%| F|  |TAMS 0x0000000084900000| PB 0x0000000084900000| Untracked 
|  10|0x0000000084a00000, 0x0000000084a00000, 0x0000000084b00000|  0%| F|  |TAMS 0x0000000084a00000| PB 0x0000000084a00000| Untracked 
|  11|0x0000000084b00000, 0x0000000084b00000, 0x0000000084c00000|  0%| F|  |TAMS 0x0000000084b00000| PB 0x0000000084b00000| Untracked 
|  12|0x0000000084c00000, 0x0000000084c00000, 0x0000000084d00000|  0%| F|  |TAMS 0x0000000084c00000| PB 0x0000000084c00000| Untracked 
|  13|0x0000000084d00000, 0x0000000084d00000, 0x0000000084e00000|  0%| F|  |TAMS 0x0000000084d00000| PB 0x0000000084d00000| Untracked 
|  14|0x0000000084e00000, 0x0000000084e00000, 0x0000000084f00000|  0%| F|  |TAMS 0x0000000084e00000| PB 0x0000000084e00000| Untracked 
|  15|0x0000000084f00000, 0x0000000084f00000, 0x0000000085000000|  0%| F|  |TAMS 0x0000000084f00000| PB 0x0000000084f00000| Untracked 
|  16|0x0000000085000000, 0x0000000085000000, 0x0000000085100000|  0%| F|  |TAMS 0x0000000085000000| PB 0x0000000085000000| Untracked 
|  17|0x0000000085100000, 0x0000000085100000, 0x0000000085200000|  0%| F|  |TAMS 0x0000000085100000| PB 0x0000000085100000| Untracked 
|  18|0x0000000085200000, 0x0000000085200000, 0x0000000085300000|  0%| F|  |TAMS 0x0000000085200000| PB 0x0000000085200000| Untracked 
|  19|0x0000000085300000, 0x0000000085300000, 0x0000000085400000|  0%| F|  |TAMS 0x0000000085300000| PB 0x0000000085300000| Untracked 
|  20|0x0000000085400000, 0x0000000085400000, 0x0000000085500000|  0%| F|  |TAMS 0x0000000085400000| PB 0x0000000085400000| Untracked 
|  21|0x0000000085500000, 0x0000000085500000, 0x0000000085600000|  0%| F|  |TAMS 0x0000000085500000| PB 0x0000000085500000| Untracked 
|  22|0x0000000085600000, 0x0000000085600000, 0x0000000085700000|  0%| F|  |TAMS 0x0000000085600000| PB 0x0000000085600000| Untracked 
|  23|0x0000000085700000, 0x0000000085700000, 0x0000000085800000|  0%| F|  |TAMS 0x0000000085700000| PB 0x0000000085700000| Untracked 
|  24|0x0000000085800000, 0x0000000085800000, 0x0000000085900000|  0%| F|  |TAMS 0x0000000085800000| PB 0x0000000085800000| Untracked 
|  25|0x0000000085900000, 0x0000000085900000, 0x0000000085a00000|  0%| F|  |TAMS 0x0000000085900000| PB 0x0000000085900000| Untracked 
|  26|0x0000000085a00000, 0x0000000085a00000, 0x0000000085b00000|  0%| F|  |TAMS 0x0000000085a00000| PB 0x0000000085a00000| Untracked 
|  27|0x0000000085b00000, 0x0000000085b00000, 0x0000000085c00000|  0%| F|  |TAMS 0x0000000085b00000| PB 0x0000000085b00000| Untracked 
|  28|0x0000000085c00000, 0x0000000085c00000, 0x0000000085d00000|  0%| F|  |TAMS 0x0000000085c00000| PB 0x0000000085c00000| Untracked 
|  29|0x0000000085d00000, 0x0000000085d00000, 0x0000000085e00000|  0%| F|  |TAMS 0x0000000085d00000| PB 0x0000000085d00000| Untracked 
|  30|0x0000000085e00000, 0x0000000085e00000, 0x0000000085f00000|  0%| F|  |TAMS 0x0000000085e00000| PB 0x0000000085e00000| Untracked 
|  31|0x0000000085f00000, 0x0000000085f00000, 0x0000000086000000|  0%| F|  |TAMS 0x0000000085f00000| PB 0x0000000085f00000| Untracked 
|  32|0x0000000086000000, 0x0000000086000000, 0x0000000086100000|  0%| F|  |TAMS 0x0000000086000000| PB 0x0000000086000000| Untracked 
|  33|0x0000000086100000, 0x0000000086100000, 0x0000000086200000|  0%| F|  |TAMS 0x0000000086100000| PB 0x0000000086100000| Untracked 
|  34|0x0000000086200000, 0x0000000086200000, 0x0000000086300000|  0%| F|  |TAMS 0x0000000086200000| PB 0x0000000086200000| Untracked 
|  35|0x0000000086300000, 0x0000000086300000, 0x0000000086400000|  0%| F|  |TAMS 0x0000000086300000| PB 0x0000000086300000| Untracked 
|  36|0x0000000086400000, 0x0000000086400000, 0x0000000086500000|  0%| F|  |TAMS 0x0000000086400000| PB 0x0000000086400000| Untracked 
|  37|0x0000000086500000, 0x0000000086500000, 0x0000000086600000|  0%| F|  |TAMS 0x0000000086500000| PB 0x0000000086500000| Untracked 
|  38|0x0000000086600000, 0x0000000086600000, 0x0000000086700000|  0%| F|  |TAMS 0x0000000086600000| PB 0x0000000086600000| Untracked 
|  39|0x0000000086700000, 0x0000000086700000, 0x0000000086800000|  0%| F|  |TAMS 0x0000000086700000| PB 0x0000000086700000| Untracked 
|  40|0x0000000086800000, 0x0000000086800000, 0x0000000086900000|  0%| F|  |TAMS 0x0000000086800000| PB 0x0000000086800000| Untracked 
|  41|0x0000000086900000, 0x0000000086900000, 0x0000000086a00000|  0%| F|  |TAMS 0x0000000086900000| PB 0x0000000086900000| Untracked 
|  42|0x0000000086a00000, 0x0000000086a00000, 0x0000000086b00000|  0%| F|  |TAMS 0x0000000086a00000| PB 0x0000000086a00000| Untracked 
|  43|0x0000000086b00000, 0x0000000086b00000, 0x0000000086c00000|  0%| F|  |TAMS 0x0000000086b00000| PB 0x0000000086b00000| Untracked 
|  44|0x0000000086c00000, 0x0000000086c00000, 0x0000000086d00000|  0%| F|  |TAMS 0x0000000086c00000| PB 0x0000000086c00000| Untracked 
|  45|0x0000000086d00000, 0x0000000086d00000, 0x0000000086e00000|  0%| F|  |TAMS 0x0000000086d00000| PB 0x0000000086d00000| Untracked 
|  46|0x0000000086e00000, 0x0000000086e00000, 0x0000000086f00000|  0%| F|  |TAMS 0x0000000086e00000| PB 0x0000000086e00000| Untracked 
|  47|0x0000000086f00000, 0x0000000086f00000, 0x0000000087000000|  0%| F|  |TAMS 0x0000000086f00000| PB 0x0000000086f00000| Untracked 
|  48|0x0000000087000000, 0x0000000087000000, 0x0000000087100000|  0%| F|  |TAMS 0x0000000087000000| PB 0x0000000087000000| Untracked 
|  49|0x0000000087100000, 0x0000000087100000, 0x0000000087200000|  0%| F|  |TAMS 0x0000000087100000| PB 0x0000000087100000| Untracked 
|  50|0x0000000087200000, 0x0000000087200000, 0x0000000087300000|  0%| F|  |TAMS 0x0000000087200000| PB 0x0000000087200000| Untracked 
|  51|0x0000000087300000, 0x0000000087300000, 0x0000000087400000|  0%| F|  |TAMS 0x0000000087300000| PB 0x0000000087300000| Untracked 
|  52|0x0000000087400000, 0x0000000087400000, 0x0000000087500000|  0%| F|  |TAMS 0x0000000087400000| PB 0x0000000087400000| Untracked 
|  53|0x0000000087500000, 0x0000000087500000, 0x0000000087600000|  0%| F|  |TAMS 0x0000000087500000| PB 0x0000000087500000| Untracked 
|  54|0x0000000087600000, 0x0000000087600000, 0x0000000087700000|  0%| F|  |TAMS 0x0000000087600000| PB 0x0000000087600000| Untracked 
|  55|0x0000000087700000, 0x0000000087700000, 0x0000000087800000|  0%| F|  |TAMS 0x0000000087700000| PB 0x0000000087700000| Untracked 
|  56|0x0000000087800000, 0x0000000087800000, 0x0000000087900000|  0%| F|  |TAMS 0x0000000087800000| PB 0x0000000087800000| Untracked 
|  57|0x0000000087900000, 0x0000000087900000, 0x0000000087a00000|  0%| F|  |TAMS 0x0000000087900000| PB 0x0000000087900000| Untracked 
|  58|0x0000000087a00000, 0x0000000087a00000, 0x0000000087b00000|  0%| F|  |TAMS 0x0000000087a00000| PB 0x0000000087a00000| Untracked 
|  59|0x0000000087b00000, 0x0000000087b00000, 0x0000000087c00000|  0%| F|  |TAMS 0x0000000087b00000| PB 0x0000000087b00000| Untracked 
|  60|0x0000000087c00000, 0x0000000087c00000, 0x0000000087d00000|  0%| F|  |TAMS 0x0000000087c00000| PB 0x0000000087c00000| Untracked 
|  61|0x0000000087d00000, 0x0000000087d00000, 0x0000000087e00000|  0%| F|  |TAMS 0x0000000087d00000| PB 0x0000000087d00000| Untracked 
|  62|0x0000000087e00000, 0x0000000087e00000, 0x0000000087f00000|  0%| F|  |TAMS 0x0000000087e00000| PB 0x0000000087e00000| Untracked 
|  63|0x0000000087f00000, 0x0000000087f00000, 0x0000000088000000|  0%| F|  |TAMS 0x0000000087f00000| PB 0x0000000087f00000| Untracked 
|  64|0x0000000088000000, 0x0000000088000000, 0x0000000088100000|  0%| F|  |TAMS 0x0000000088000000| PB 0x0000000088000000| Untracked 
|  65|0x0000000088100000, 0x0000000088100000, 0x0000000088200000|  0%| F|  |TAMS 0x0000000088100000| PB 0x0000000088100000| Untracked 
|  66|0x0000000088200000, 0x0000000088200000, 0x0000000088300000|  0%| F|  |TAMS 0x0000000088200000| PB 0x0000000088200000| Untracked 
|  67|0x0000000088300000, 0x0000000088300000, 0x0000000088400000|  0%| F|  |TAMS 0x0000000088300000| PB 0x0000000088300000| Untracked 
|  68|0x0000000088400000, 0x0000000088400000, 0x0000000088500000|  0%| F|  |TAMS 0x0000000088400000| PB 0x0000000088400000| Untracked 
|  69|0x0000000088500000, 0x0000000088500000, 0x0000000088600000|  0%| F|  |TAMS 0x0000000088500000| PB 0x0000000088500000| Untracked 
|  70|0x0000000088600000, 0x0000000088600000, 0x0000000088700000|  0%| F|  |TAMS 0x0000000088600000| PB 0x0000000088600000| Untracked 
|  71|0x0000000088700000, 0x0000000088700000, 0x0000000088800000|  0%| F|  |TAMS 0x0000000088700000| PB 0x0000000088700000| Untracked 
|  72|0x0000000088800000, 0x0000000088800000, 0x0000000088900000|  0%| F|  |TAMS 0x0000000088800000| PB 0x0000000088800000| Untracked 
|  73|0x0000000088900000, 0x0000000088900000, 0x0000000088a00000|  0%| F|  |TAMS 0x0000000088900000| PB 0x0000000088900000| Untracked 
|  74|0x0000000088a00000, 0x0000000088a00000, 0x0000000088b00000|  0%| F|  |TAMS 0x0000000088a00000| PB 0x0000000088a00000| Untracked 
|  75|0x0000000088b00000, 0x0000000088b00000, 0x0000000088c00000|  0%| F|  |TAMS 0x0000000088b00000| PB 0x0000000088b00000| Untracked 
|  76|0x0000000088c00000, 0x0000000088c00000, 0x0000000088d00000|  0%| F|  |TAMS 0x0000000088c00000| PB 0x0000000088c00000| Untracked 
|  77|0x0000000088d00000, 0x0000000088d00000, 0x0000000088e00000|  0%| F|  |TAMS 0x0000000088d00000| PB 0x0000000088d00000| Untracked 
|  78|0x0000000088e00000, 0x0000000088e00000, 0x0000000088f00000|  0%| F|  |TAMS 0x0000000088e00000| PB 0x0000000088e00000| Untracked 
|  79|0x0000000088f00000, 0x0000000088f00000, 0x0000000089000000|  0%| F|  |TAMS 0x0000000088f00000| PB 0x0000000088f00000| Untracked 
|  80|0x0000000089000000, 0x0000000089000000, 0x0000000089100000|  0%| F|  |TAMS 0x0000000089000000| PB 0x0000000089000000| Untracked 
|  81|0x0000000089100000, 0x0000000089100000, 0x0000000089200000|  0%| F|  |TAMS 0x0000000089100000| PB 0x0000000089100000| Untracked 
|  82|0x0000000089200000, 0x0000000089200000, 0x0000000089300000|  0%| F|  |TAMS 0x0000000089200000| PB 0x0000000089200000| Untracked 
|  83|0x0000000089300000, 0x0000000089300000, 0x0000000089400000|  0%| F|  |TAMS 0x0000000089300000| PB 0x0000000089300000| Untracked 
|  84|0x0000000089400000, 0x0000000089400000, 0x0000000089500000|  0%| F|  |TAMS 0x0000000089400000| PB 0x0000000089400000| Untracked 
|  85|0x0000000089500000, 0x0000000089500000, 0x0000000089600000|  0%| F|  |TAMS 0x0000000089500000| PB 0x0000000089500000| Untracked 
|  86|0x0000000089600000, 0x0000000089600000, 0x0000000089700000|  0%| F|  |TAMS 0x0000000089600000| PB 0x0000000089600000| Untracked 
|  87|0x0000000089700000, 0x0000000089700000, 0x0000000089800000|  0%| F|  |TAMS 0x0000000089700000| PB 0x0000000089700000| Untracked 
|  88|0x0000000089800000, 0x0000000089800000, 0x0000000089900000|  0%| F|  |TAMS 0x0000000089800000| PB 0x0000000089800000| Untracked 
|  89|0x0000000089900000, 0x0000000089900000, 0x0000000089a00000|  0%| F|  |TAMS 0x0000000089900000| PB 0x0000000089900000| Untracked 
|  90|0x0000000089a00000, 0x0000000089a00000, 0x0000000089b00000|  0%| F|  |TAMS 0x0000000089a00000| PB 0x0000000089a00000| Untracked 
|  91|0x0000000089b00000, 0x0000000089b00000, 0x0000000089c00000|  0%| F|  |TAMS 0x0000000089b00000| PB 0x0000000089b00000| Untracked 
|  92|0x0000000089c00000, 0x0000000089c00000, 0x0000000089d00000|  0%| F|  |TAMS 0x0000000089c00000| PB 0x0000000089c00000| Untracked 
|  93|0x0000000089d00000, 0x0000000089d00000, 0x0000000089e00000|  0%| F|  |TAMS 0x0000000089d00000| PB 0x0000000089d00000| Untracked 
|  94|0x0000000089e00000, 0x0000000089e00000, 0x0000000089f00000|  0%| F|  |TAMS 0x0000000089e00000| PB 0x0000000089e00000| Untracked 
|  95|0x0000000089f00000, 0x0000000089f00000, 0x000000008a000000|  0%| F|  |TAMS 0x0000000089f00000| PB 0x0000000089f00000| Untracked 
|  96|0x000000008a000000, 0x000000008a065b90, 0x000000008a100000| 39%| E|  |TAMS 0x000000008a000000| PB 0x000000008a000000| Complete 
|  97|0x000000008a100000, 0x000000008a200000, 0x000000008a200000|100%| E|CS|TAMS 0x000000008a100000| PB 0x000000008a100000| Complete 
|  98|0x000000008a200000, 0x000000008a300000, 0x000000008a300000|100%| S|CS|TAMS 0x000000008a200000| PB 0x000000008a200000| Complete 
|  99|0x000000008a300000, 0x000000008a400000, 0x000000008a400000|100%| S|CS|TAMS 0x000000008a300000| PB 0x000000008a300000| Complete 
| 100|0x000000008a400000, 0x000000008a500000, 0x000000008a500000|100%| S|CS|TAMS 0x000000008a400000| PB 0x000000008a400000| Complete 
| 101|0x000000008a500000, 0x000000008a600000, 0x000000008a600000|100%| E|CS|TAMS 0x000000008a500000| PB 0x000000008a500000| Complete 
| 102|0x000000008a600000, 0x000000008a700000, 0x000000008a700000|100%| E|CS|TAMS 0x000000008a600000| PB 0x000000008a600000| Complete 
| 103|0x000000008a700000, 0x000000008a800000, 0x000000008a800000|100%| E|CS|TAMS 0x000000008a700000| PB 0x000000008a700000| Complete 
| 104|0x000000008a800000, 0x000000008a900000, 0x000000008a900000|100%| E|CS|TAMS 0x000000008a800000| PB 0x000000008a800000| Complete 
| 105|0x000000008a900000, 0x000000008aa00000, 0x000000008aa00000|100%| E|CS|TAMS 0x000000008a900000| PB 0x000000008a900000| Complete 
| 106|0x000000008aa00000, 0x000000008ab00000, 0x000000008ab00000|100%| E|CS|TAMS 0x000000008aa00000| PB 0x000000008aa00000| Complete 
| 107|0x000000008ab00000, 0x000000008ac00000, 0x000000008ac00000|100%| E|CS|TAMS 0x000000008ab00000| PB 0x000000008ab00000| Complete 
| 108|0x000000008ac00000, 0x000000008ad00000, 0x000000008ad00000|100%| E|CS|TAMS 0x000000008ac00000| PB 0x000000008ac00000| Complete 
| 109|0x000000008ad00000, 0x000000008ae00000, 0x000000008ae00000|100%| E|CS|TAMS 0x000000008ad00000| PB 0x000000008ad00000| Complete 
| 110|0x000000008ae00000, 0x000000008af00000, 0x000000008af00000|100%| E|CS|TAMS 0x000000008ae00000| PB 0x000000008ae00000| Complete 
| 111|0x000000008af00000, 0x000000008b000000, 0x000000008b000000|100%| E|CS|TAMS 0x000000008af00000| PB 0x000000008af00000| Complete 
| 112|0x000000008b000000, 0x000000008b100000, 0x000000008b100000|100%| E|CS|TAMS 0x000000008b000000| PB 0x000000008b000000| Complete 
| 113|0x000000008b100000, 0x000000008b200000, 0x000000008b200000|100%| E|CS|TAMS 0x000000008b100000| PB 0x000000008b100000| Complete 
| 114|0x000000008b200000, 0x000000008b300000, 0x000000008b300000|100%| E|CS|TAMS 0x000000008b200000| PB 0x000000008b200000| Complete 
| 115|0x000000008b300000, 0x000000008b400000, 0x000000008b400000|100%| E|CS|TAMS 0x000000008b300000| PB 0x000000008b300000| Complete 
| 116|0x000000008b400000, 0x000000008b500000, 0x000000008b500000|100%| E|CS|TAMS 0x000000008b400000| PB 0x000000008b400000| Complete 
| 117|0x000000008b500000, 0x000000008b600000, 0x000000008b600000|100%| E|CS|TAMS 0x000000008b500000| PB 0x000000008b500000| Complete 
| 118|0x000000008b600000, 0x000000008b700000, 0x000000008b700000|100%| E|CS|TAMS 0x000000008b600000| PB 0x000000008b600000| Complete 
| 119|0x000000008b700000, 0x000000008b800000, 0x000000008b800000|100%| E|CS|TAMS 0x000000008b700000| PB 0x000000008b700000| Complete 
| 120|0x000000008b800000, 0x000000008b900000, 0x000000008b900000|100%| E|CS|TAMS 0x000000008b800000| PB 0x000000008b800000| Complete 
| 121|0x000000008b900000, 0x000000008ba00000, 0x000000008ba00000|100%| E|CS|TAMS 0x000000008b900000| PB 0x000000008b900000| Complete 
| 122|0x000000008ba00000, 0x000000008bb00000, 0x000000008bb00000|100%| E|CS|TAMS 0x000000008ba00000| PB 0x000000008ba00000| Complete 
| 123|0x000000008bb00000, 0x000000008bc00000, 0x000000008bc00000|100%| E|CS|TAMS 0x000000008bb00000| PB 0x000000008bb00000| Complete 

Card table byte_map: [0x00000211c6d40000,0x00000211c7120000] _byte_map_base: 0x00000211c6920000

Marking Bits: (CMBitMap*) 0x00000211aefb3b40
 Bits: [0x00000211c7120000, 0x00000211c9020000)

Polling page: 0x00000211ae720000

Metaspace:

Usage:
  Non-class:     15.94 MB used.
      Class:      2.24 MB used.
       Both:     18.18 MB used.

Virtual space:
  Non-class space:       64.00 MB reserved,      16.00 MB ( 25%) committed,  1 nodes.
      Class space:        1.00 GB reserved,       2.38 MB ( <1%) committed,  1 nodes.
             Both:        1.06 GB reserved,      18.38 MB (  2%) committed. 

Chunk freelists:
   Non-Class:  15.00 MB
       Class:  13.61 MB
        Both:  28.61 MB

MaxMetaspaceSize: unlimited
CompressedClassSpaceSize: 1.00 GB
Initial GC threshold: 21.00 MB
Current GC threshold: 21.00 MB
CDS: on
 - commit_granule_bytes: 65536.
 - commit_granule_words: 8192.
 - virtual_space_node_default_size: 8388608.
 - enlarge_chunks_in_place: 1.
 - use_allocation_guard: 0.


Internal statistics:

num_allocs_failed_limit: 0.
num_arena_births: 166.
num_arena_deaths: 0.
num_vsnodes_births: 2.
num_vsnodes_deaths: 0.
num_space_committed: 294.
num_space_uncommitted: 0.
num_chunks_returned_to_freelist: 0.
num_chunks_taken_from_freelist: 638.
num_chunk_merges: 0.
num_chunk_splits: 448.
num_chunks_enlarged: 362.
num_inconsistent_stats: 0.

CodeHeap 'non-profiled nmethods': size=120000Kb used=686Kb max_used=686Kb free=119314Kb
 bounds [0x00000211bf100000, 0x00000211bf370000, 0x00000211c6630000]
CodeHeap 'profiled nmethods': size=120000Kb used=3246Kb max_used=3246Kb free=116753Kb
 bounds [0x00000211b7630000, 0x00000211b7960000, 0x00000211beb60000]
CodeHeap 'non-nmethods': size=5760Kb used=1627Kb max_used=1642Kb free=4132Kb
 bounds [0x00000211beb60000, 0x00000211bedd0000, 0x00000211bf100000]
 total_blobs=2321 nmethods=1770 adapters=455
 compilation: enabled
              stopped_count=0, restarted_count=0
 full_count=0

Compilation events (20 events):
Event: 1.407 Thread 0x00000211cba78b90 1759       3       jdk.internal.misc.Unsafe::shouldBeInitialized (18 bytes)
Event: 1.408 Thread 0x00000211cba78b90 nmethod 1759 0x00000211b7952010 code [0x00000211b79521e0, 0x00000211b7952428]
Event: 1.408 Thread 0x00000211cba78b90 1761       3       java.lang.Class::newReflectionData (66 bytes)
Event: 1.408 Thread 0x00000211cba78b90 nmethod 1761 0x00000211b7952510 code [0x00000211b7952740, 0x00000211b7953038]
Event: 1.408 Thread 0x00000211cba78b90 1762       3       java.nio.Buffer::<init> (105 bytes)
Event: 1.409 Thread 0x00000211cba78b90 nmethod 1762 0x00000211b7953310 code [0x00000211b79535c0, 0x00000211b79540b0]
Event: 1.409 Thread 0x00000211cba78b90 1763       1       java.lang.reflect.Constructor::getSharedParameterTypes (5 bytes)
Event: 1.409 Thread 0x00000211cba78b90 nmethod 1763 0x00000211bf1aa690 code [0x00000211bf1aa820, 0x00000211bf1aa8e8]
Event: 1.411 Thread 0x00000211cba6c750 nmethod 1755 0x00000211bf1aa990 code [0x00000211bf1aab40, 0x00000211bf1aafa8]
Event: 1.413 Thread 0x00000211cba78b90 1764       3       java.util.ArrayList::contains (14 bytes)
Event: 1.413 Thread 0x00000211cba78b90 nmethod 1764 0x00000211b7954490 code [0x00000211b7954640, 0x00000211b7954940]
Event: 1.413 Thread 0x00000211cba78b90 1765       3       java.util.ArrayList::indexOf (11 bytes)
Event: 1.413 Thread 0x00000211cba78b90 nmethod 1765 0x00000211b7954a10 code [0x00000211b7954bc0, 0x00000211b7954d90]
Event: 1.413 Thread 0x00000211cba6c750 1766       4       java.util.concurrent.ConcurrentHashMap::putIfAbsent (8 bytes)
Event: 1.414 Thread 0x00000211cbe63aa0 1767       4       java.lang.Class::getClassLoader (28 bytes)
Event: 1.414 Thread 0x00000211cba6c750 nmethod 1766 0x00000211bf1ab210 code [0x00000211bf1ab3a0, 0x00000211bf1ab458]
Event: 1.414 Thread 0x00000211cba78b90 1768       3       java.lang.reflect.Constructor::newInstanceWithCaller (51 bytes)
Event: 1.414 Thread 0x00000211cbe63aa0 nmethod 1767 0x00000211bf1ab510 code [0x00000211bf1ab6a0, 0x00000211bf1ab738]
Event: 1.414 Thread 0x00000211cba78b90 nmethod 1768 0x00000211b7954e90 code [0x00000211b7955060, 0x00000211b7955338]
Event: 1.414 Thread 0x00000211cba78b90 1769   !   3       jdk.internal.reflect.DirectConstructorHandleAccessor::newInstance (130 bytes)

GC Heap History (2 events):
Event: 0.799 GC heap before
{Heap before GC invocations=0 (full 0):
 garbage-first heap   total 126976K, used 23552K [0x0000000084000000, 0x0000000100000000)
  region size 1024K, 23 young (23552K), 0 survivors (0K)
 Metaspace       used 10507K, committed 10688K, reserved 1114112K
  class space    used 1153K, committed 1216K, reserved 1048576K
}
Event: 0.808 GC heap after
{Heap after GC invocations=1 (full 0):
 garbage-first heap   total 126976K, used 5005K [0x0000000084000000, 0x0000000100000000)
  region size 1024K, 3 young (3072K), 3 survivors (3072K)
 Metaspace       used 10507K, committed 10688K, reserved 1114112K
  class space    used 1153K, committed 1216K, reserved 1048576K
}

Dll operation events (11 events):
Event: 0.008 Loaded shared library C:\Users\thuha\.jdks\corretto-21.0.3\bin\java.dll
Event: 0.042 Loaded shared library C:\Users\thuha\.jdks\corretto-21.0.3\bin\jsvml.dll
Event: 0.105 Loaded shared library C:\Users\thuha\.jdks\corretto-21.0.3\bin\zip.dll
Event: 0.108 Loaded shared library C:\Users\thuha\.jdks\corretto-21.0.3\bin\instrument.dll
Event: 0.114 Loaded shared library C:\Users\thuha\.jdks\corretto-21.0.3\bin\net.dll
Event: 0.116 Loaded shared library C:\Users\thuha\.jdks\corretto-21.0.3\bin\nio.dll
Event: 0.120 Loaded shared library C:\Users\thuha\.jdks\corretto-21.0.3\bin\zip.dll
Event: 0.162 Loaded shared library C:\Program Files\JetBrains\IntelliJ IDEA 2024.1.4\bin\breakgen64.dll
Event: 0.170 Loaded shared library C:\Users\thuha\.jdks\corretto-21.0.3\bin\extnet.dll
Event: 0.190 Loaded shared library C:\Users\thuha\.jdks\corretto-21.0.3\bin\jimage.dll
Event: 0.879 Loaded shared library C:\Users\thuha\.jdks\corretto-21.0.3\bin\verify.dll

Deoptimization events (20 events):
Event: 1.289 Thread 0x00000211acda9490 DEOPT PACKING pc=0x00000211b7706379 sp=0x000000cc308fa480
Event: 1.289 Thread 0x00000211acda9490 DEOPT UNPACKING pc=0x00000211bebb88e2 sp=0x000000cc308f9978 mode 0
Event: 1.289 Thread 0x00000211acda9490 DEOPT PACKING pc=0x00000211b7706379 sp=0x000000cc308fa480
Event: 1.289 Thread 0x00000211acda9490 DEOPT UNPACKING pc=0x00000211bebb88e2 sp=0x000000cc308f9978 mode 0
Event: 1.289 Thread 0x00000211acda9490 DEOPT PACKING pc=0x00000211b7706379 sp=0x000000cc308fa480
Event: 1.289 Thread 0x00000211acda9490 DEOPT UNPACKING pc=0x00000211bebb88e2 sp=0x000000cc308f9978 mode 0
Event: 1.290 Thread 0x00000211acda9490 DEOPT PACKING pc=0x00000211b7706379 sp=0x000000cc308fa480
Event: 1.290 Thread 0x00000211acda9490 DEOPT UNPACKING pc=0x00000211bebb88e2 sp=0x000000cc308f9978 mode 0
Event: 1.290 Thread 0x00000211acda9490 DEOPT PACKING pc=0x00000211b7706379 sp=0x000000cc308fa480
Event: 1.290 Thread 0x00000211acda9490 DEOPT UNPACKING pc=0x00000211bebb88e2 sp=0x000000cc308f9978 mode 0
Event: 1.290 Thread 0x00000211acda9490 DEOPT PACKING pc=0x00000211b7706379 sp=0x000000cc308fa480
Event: 1.290 Thread 0x00000211acda9490 DEOPT UNPACKING pc=0x00000211bebb88e2 sp=0x000000cc308f9978 mode 0
Event: 1.411 Thread 0x00000211acda9490 Uncommon trap: trap_request=0xffffff45 fr.pc=0x00000211bf1362ec relative=0x000000000000058c
Event: 1.411 Thread 0x00000211acda9490 Uncommon trap: reason=unstable_if action=reinterpret pc=0x00000211bf1362ec method=java.lang.AbstractStringBuilder.inflateIfNeededFor(Ljava/lang/String;)V @ 14 c2
Event: 1.411 Thread 0x00000211acda9490 DEOPT PACKING pc=0x00000211bf1362ec sp=0x000000cc308fb8e0
Event: 1.411 Thread 0x00000211acda9490 DEOPT UNPACKING pc=0x00000211bebb7da2 sp=0x000000cc308fb7d8 mode 2
Event: 1.411 Thread 0x00000211acda9490 Uncommon trap: trap_request=0xffffff45 fr.pc=0x00000211bf163844 relative=0x0000000000000504
Event: 1.411 Thread 0x00000211acda9490 Uncommon trap: reason=unstable_if action=reinterpret pc=0x00000211bf163844 method=java.lang.AbstractStringBuilder.isLatin1()Z @ 10 c2
Event: 1.411 Thread 0x00000211acda9490 DEOPT PACKING pc=0x00000211bf163844 sp=0x000000cc308fb8d0
Event: 1.411 Thread 0x00000211acda9490 DEOPT UNPACKING pc=0x00000211bebb7da2 sp=0x000000cc308fb820 mode 2

Classes loaded (20 events):
Event: 1.407 Loading class sun/nio/cs/GBK done
Event: 1.407 Loading class sun/nio/cs/SJIS
Event: 1.407 Loading class sun/nio/cs/SJIS done
Event: 1.407 Loading class sun/nio/cs/MS932
Event: 1.407 Loading class sun/nio/cs/MS932 done
Event: 1.409 Loading class sun/nio/cs/GB18030
Event: 1.411 Loading class sun/nio/cs/GB18030 done
Event: 1.413 Loading class sun/nio/cs/ISO_8859_2
Event: 1.413 Loading class sun/nio/cs/ISO_8859_2 done
Event: 1.413 Loading class sun/nio/cs/ISO_8859_7
Event: 1.414 Loading class sun/nio/cs/ISO_8859_7 done
Event: 1.414 Loading class sun/nio/cs/ISO_8859_13
Event: 1.414 Loading class sun/nio/cs/ISO_8859_13 done
Event: 1.414 Loading class sun/nio/cs/ISO_8859_9
Event: 1.415 Loading class sun/nio/cs/ISO_8859_9 done
Event: 1.415 Loading class sun/nio/cs/IBM850
Event: 1.415 Loading class sun/nio/cs/IBM850 done
Event: 1.415 Loading class sun/nio/cs/IBM437
Event: 1.415 Loading class sun/nio/cs/IBM437 done
Event: 1.415 Loading class sun/nio/cs/IBM852

Classes unloaded (0 events):
No events

Classes redefined (0 events):
No events

Internal exceptions (20 events):
Event: 0.742 Thread 0x00000211acda9490 Exception <a 'java/lang/ClassNotFoundException'{0x000000008a62b7b8}: org/springframework/context/ResourceLoaderAwareBeanInfo> (0x000000008a62b7b8) 
thrown [s\src\hotspot\share\classfile\systemDictionary.cpp, line 312]
Event: 0.742 Thread 0x00000211acda9490 Exception <a 'java/lang/ClassNotFoundException'{0x000000008a62d958}: org/springframework/context/ResourceLoaderAwareCustomizer> (0x000000008a62d958) 
thrown [s\src\hotspot\share\classfile\systemDictionary.cpp, line 312]
Event: 0.743 Thread 0x00000211acda9490 Exception <a 'java/lang/ClassNotFoundException'{0x000000008a630ff8}: org/springframework/beans/factory/AwareBeanInfo> (0x000000008a630ff8) 
thrown [s\src\hotspot\share\classfile\systemDictionary.cpp, line 312]
Event: 0.743 Thread 0x00000211acda9490 Exception <a 'java/lang/ClassNotFoundException'{0x000000008a6330d8}: org/springframework/beans/factory/AwareCustomizer> (0x000000008a6330d8) 
thrown [s\src\hotspot\share\classfile\systemDictionary.cpp, line 312]
Event: 0.743 Thread 0x00000211acda9490 Exception <a 'java/lang/ClassNotFoundException'{0x000000008a635720}: org/springframework/beans/factory/BeanFactoryAwareBeanInfo> (0x000000008a635720) 
thrown [s\src\hotspot\share\classfile\systemDictionary.cpp, line 312]
Event: 0.743 Thread 0x00000211acda9490 Exception <a 'java/lang/ClassNotFoundException'{0x000000008a6378f8}: org/springframework/beans/factory/BeanFactoryAwareCustomizer> (0x000000008a6378f8) 
thrown [s\src\hotspot\share\classfile\systemDictionary.cpp, line 312]
Event: 0.744 Thread 0x00000211acda9490 Exception <a 'java/lang/ClassNotFoundException'{0x000000008a63b888}: org/springframework/beans/factory/InitializingBeanBeanInfo> (0x000000008a63b888) 
thrown [s\src\hotspot\share\classfile\systemDictionary.cpp, line 312]
Event: 0.744 Thread 0x00000211acda9490 Exception <a 'java/lang/ClassNotFoundException'{0x000000008a63da60}: org/springframework/beans/factory/InitializingBeanCustomizer> (0x000000008a63da60) 
thrown [s\src\hotspot\share\classfile\systemDictionary.cpp, line 312]
Event: 0.745 Thread 0x00000211acda9490 Exception <a 'java/lang/ClassNotFoundException'{0x000000008a640b00}: org/springframework/beans/factory/DisposableBeanBeanInfo> (0x000000008a640b00) 
thrown [s\src\hotspot\share\classfile\systemDictionary.cpp, line 312]
Event: 0.745 Thread 0x00000211acda9490 Exception <a 'java/lang/ClassNotFoundException'{0x000000008a642cb8}: org/springframework/beans/factory/DisposableBeanCustomizer> (0x000000008a642cb8) 
thrown [s\src\hotspot\share\classfile\systemDictionary.cpp, line 312]
Event: 0.745 Thread 0x00000211acda9490 Exception <a 'java/lang/ClassNotFoundException'{0x000000008a645de0}: org/springframework/dao/support/PersistenceExceptionTranslatorBeanInfo> (0x000000008a645de0) 
thrown [s\src\hotspot\share\classfile\systemDictionary.cpp, line 312]
Event: 0.745 Thread 0x00000211acda9490 Exception <a 'java/lang/ClassNotFoundException'{0x000000008a6480d8}: org/springframework/dao/support/PersistenceExceptionTranslatorCustomizer> (0x000000008a6480d8) 
thrown [s\src\hotspot\share\classfile\systemDictionary.cpp, line 312]
Event: 0.779 Thread 0x00000211acda9490 Exception <a 'java/lang/NoSuchMethodError'{0x000000008a576860}: 'java.lang.ClassLoader java.lang.Class.getClassLoader(java.lang.Class)'> (0x000000008a576860) 
thrown [s\src\hotspot\share\interpreter\linkResolver.cpp, line 773]
Event: 0.780 Thread 0x00000211acda9490 Exception <a 'java/lang/NoSuchMethodError'{0x000000008a57b0a8}: 'java.lang.Object java.lang.invoke.DirectMethodHandle$Holder.invokeStatic(java.lang.Object, java.lang.Object, int)'> (0x000000008a57b0a8) 
thrown [s\src\hotspot\share\interpreter\linkResolver.cpp, line 773]
Event: 0.782 Thread 0x00000211acda9490 Exception <a 'java/lang/NoSuchMethodError'{0x000000008a5867a8}: 'void java.lang.invoke.DelegatingMethodHandle$Holder.delegate(java.lang.Object, java.lang.Object, int, java.lang.Object)'> (0x000000008a5867a8) 
thrown [s\src\hotspot\share\interpreter\linkResolver.cpp, line 773]
Event: 0.989 Thread 0x00000211acda9490 Exception <a 'java/lang/NoSuchMethodError'{0x000000008b440618}: 'int java.lang.invoke.DirectMethodHandle$Holder.invokeVirtual(java.lang.Object, java.lang.Object)'> (0x000000008b440618) 
thrown [s\src\hotspot\share\interpreter\linkResolver.cpp, line 773]
Event: 1.134 Thread 0x00000211acda9490 Exception <a 'java/lang/NoSuchMethodError'{0x000000008af77600}: 'java.lang.Object java.lang.invoke.DirectMethodHandle$Holder.invokeStaticInit(java.lang.Object, int, int, int, int)'> (0x000000008af77600) 
thrown [s\src\hotspot\share\interpreter\linkResolver.cpp, line 773]
Event: 1.159 Thread 0x00000211acda9490 Exception <a 'java/lang/NoSuchMethodError'{0x000000008ae72b68}: 'java.lang.Object java.lang.invoke.DirectMethodHandle$Holder.invokeStaticInit(java.lang.Object, java.lang.Object, int, int, int, int)'> (0x000000008ae72b68) 
thrown [s\src\hotspot\share\interpreter\linkResolver.cpp, line 773]
Event: 1.194 Thread 0x00000211acda9490 Implicit null exception at 0x00000211bf172d8d to 0x00000211bf1737dc
Event: 1.295 Thread 0x00000211acda9490 Exception <a 'java/lang/NoSuchMethodError'{0x000000008a9d54c0}: 'void java.lang.invoke.DirectMethodHandle$Holder.invokeSpecial(java.lang.Object, java.lang.Object, java.lang.Object)'> (0x000000008a9d54c0) 
thrown [s\src\hotspot\share\interpreter\linkResolver.cpp, line 773]

ZGC Phase Switch (0 events):
No events

VM Operations (20 events):
Event: 0.631 Executing VM operation: HandshakeAllThreads (Deoptimize)
Event: 0.631 Executing VM operation: HandshakeAllThreads (Deoptimize) done
Event: 0.692 Executing VM operation: HandshakeAllThreads (Deoptimize)
Event: 0.692 Executing VM operation: HandshakeAllThreads (Deoptimize) done
Event: 0.756 Executing VM operation: HandshakeAllThreads (Deoptimize)
Event: 0.756 Executing VM operation: HandshakeAllThreads (Deoptimize) done
Event: 0.780 Executing VM operation: HandshakeAllThreads (Deoptimize)
Event: 0.780 Executing VM operation: HandshakeAllThreads (Deoptimize) done
Event: 0.799 Executing VM operation: G1CollectForAllocation (G1 Evacuation Pause)
Event: 0.808 Executing VM operation: G1CollectForAllocation (G1 Evacuation Pause) done
Event: 0.850 Executing VM operation: HandshakeAllThreads (Deoptimize)
Event: 0.850 Executing VM operation: HandshakeAllThreads (Deoptimize) done
Event: 0.869 Executing VM operation: HandshakeAllThreads (Deoptimize)
Event: 0.869 Executing VM operation: HandshakeAllThreads (Deoptimize) done
Event: 1.034 Executing VM operation: HandshakeAllThreads (Deoptimize)
Event: 1.034 Executing VM operation: HandshakeAllThreads (Deoptimize) done
Event: 1.093 Executing VM operation: HandshakeAllThreads (Deoptimize)
Event: 1.093 Executing VM operation: HandshakeAllThreads (Deoptimize) done
Event: 1.406 Executing VM operation: HandshakeAllThreads (Deoptimize)
Event: 1.406 Executing VM operation: HandshakeAllThreads (Deoptimize) done

Events (14 events):
Event: 0.023 Thread 0x00000211acda9490 Thread added: 0x00000211acda9490
Event: 0.039 Thread 0x00000211cba5fa40 Thread added: 0x00000211cba5fa40
Event: 0.039 Thread 0x00000211cba60910 Thread added: 0x00000211cba60910
Event: 0.039 Thread 0x00000211cba62a20 Thread added: 0x00000211cba62a20
Event: 0.039 Thread 0x00000211cba636e0 Thread added: 0x00000211cba636e0
Event: 0.039 Thread 0x00000211cba644f0 Thread added: 0x00000211cba644f0
Event: 0.039 Thread 0x00000211cba64b80 Thread added: 0x00000211cba64b80
Event: 0.039 Thread 0x00000211cba6c750 Thread added: 0x00000211cba6c750
Event: 0.040 Thread 0x00000211cba78b90 Thread added: 0x00000211cba78b90
Event: 0.080 Thread 0x00000211cba65210 Thread added: 0x00000211cba65210
Event: 0.132 Thread 0x00000211cbe63aa0 Thread added: 0x00000211cbe63aa0
Event: 0.162 Thread 0x00000211cba658a0 Thread added: 0x00000211cba658a0
Event: 0.162 Thread 0x00000211cba65f30 Thread added: 0x00000211cba65f30
Event: 0.731 Thread 0x00000211cba67970 Thread added: 0x00000211cba67970


Dynamic libraries:
0x00007ff7867d0000 - 0x00007ff7867de000 	C:\Users\thuha\.jdks\corretto-21.0.3\bin\java.exe
0x00007ff84a7f0000 - 0x00007ff84aa07000 	C:\Windows\SYSTEM32\ntdll.dll
0x00007ff849d40000 - 0x00007ff849e04000 	C:\Windows\System32\KERNEL32.DLL
0x00007ff847dd0000 - 0x00007ff84817d000 	C:\Windows\System32\KERNELBASE.dll
0x00007ff848220000 - 0x00007ff848331000 	C:\Windows\System32\ucrtbase.dll
0x00007ff838450000 - 0x00007ff83846b000 	C:\Users\thuha\.jdks\corretto-21.0.3\bin\VCRUNTIME140.dll
0x00007ff82f4e0000 - 0x00007ff82f4f8000 	C:\Users\thuha\.jdks\corretto-21.0.3\bin\jli.dll
0x00007ff848ba0000 - 0x00007ff848d4e000 	C:\Windows\System32\USER32.dll
0x00007ff8211d0000 - 0x00007ff821463000 	C:\Windows\WinSxS\amd64_microsoft.windows.common-controls_6595b64144ccf1df_6.0.22621.3672_none_2713b9d173822955\COMCTL32.dll
0x00007ff848370000 - 0x00007ff848396000 	C:\Windows\System32\win32u.dll
0x00007ff849e10000 - 0x00007ff849eb7000 	C:\Windows\System32\msvcrt.dll
0x00007ff84a550000 - 0x00007ff84a579000 	C:\Windows\System32\GDI32.dll
0x00007ff848410000 - 0x00007ff848529000 	C:\Windows\System32\gdi32full.dll
0x00007ff848180000 - 0x00007ff84821a000 	C:\Windows\System32\msvcp_win.dll
0x00007ff84a510000 - 0x00007ff84a541000 	C:\Windows\System32\IMM32.DLL
0x00007ff838750000 - 0x00007ff83875c000 	C:\Users\thuha\.jdks\corretto-21.0.3\bin\vcruntime140_1.dll
0x00007ff805f20000 - 0x00007ff805fad000 	C:\Users\thuha\.jdks\corretto-21.0.3\bin\msvcp140.dll
0x00007fffbc980000 - 0x00007fffbd711000 	C:\Users\thuha\.jdks\corretto-21.0.3\bin\server\jvm.dll
0x00007ff849110000 - 0x00007ff8491c2000 	C:\Windows\System32\ADVAPI32.dll
0x00007ff848530000 - 0x00007ff8485d9000 	C:\Windows\System32\sechost.dll
0x00007ff848340000 - 0x00007ff848368000 	C:\Windows\System32\bcrypt.dll
0x00007ff848d50000 - 0x00007ff848e64000 	C:\Windows\System32\RPCRT4.dll
0x00007ff8492d0000 - 0x00007ff849341000 	C:\Windows\System32\WS2_32.dll
0x00007ff835560000 - 0x00007ff83556a000 	C:\Windows\SYSTEM32\VERSION.dll
0x00007ff842930000 - 0x00007ff842964000 	C:\Windows\SYSTEM32\WINMM.dll
0x00007ff8479e0000 - 0x00007ff847a2d000 	C:\Windows\SYSTEM32\POWRPROF.dll
0x00007ff8479c0000 - 0x00007ff8479d3000 	C:\Windows\SYSTEM32\UMPDC.dll
0x00007ff846b10000 - 0x00007ff846b28000 	C:\Windows\SYSTEM32\kernel.appcore.dll
0x00007ff838050000 - 0x00007ff83805a000 	C:\Users\thuha\.jdks\corretto-21.0.3\bin\jimage.dll
0x00007ff8453f0000 - 0x00007ff845622000 	C:\Windows\SYSTEM32\DBGHELP.DLL
0x00007ff8485e0000 - 0x00007ff848968000 	C:\Windows\System32\combase.dll
0x00007ff849030000 - 0x00007ff849107000 	C:\Windows\System32\OLEAUT32.dll
0x00007ff8428f0000 - 0x00007ff842922000 	C:\Windows\SYSTEM32\dbgcore.DLL
0x00007ff847d50000 - 0x00007ff847dcb000 	C:\Windows\System32\bcryptPrimitives.dll
0x00007ff82ed40000 - 0x00007ff82ed4e000 	C:\Users\thuha\.jdks\corretto-21.0.3\bin\instrument.dll
0x00007ff82edf0000 - 0x00007ff82ee0f000 	C:\Users\thuha\.jdks\corretto-21.0.3\bin\java.dll
0x00007ff849350000 - 0x00007ff849baf000 	C:\Windows\System32\SHELL32.dll
0x00007ff845a20000 - 0x00007ff84631c000 	C:\Windows\SYSTEM32\windows.storage.dll
0x00007ff8458e0000 - 0x00007ff845a1f000 	C:\Windows\SYSTEM32\wintypes.dll
0x00007ff848a20000 - 0x00007ff848b14000 	C:\Windows\System32\SHCORE.dll
0x00007ff84a340000 - 0x00007ff84a39e000 	C:\Windows\System32\shlwapi.dll
0x00007ff847a50000 - 0x00007ff847a71000 	C:\Windows\SYSTEM32\profapi.dll
0x00007fffe80f0000 - 0x00007fffe81c7000 	C:\Users\thuha\.jdks\corretto-21.0.3\bin\jsvml.dll
0x00007ff82ebf0000 - 0x00007ff82ec08000 	C:\Users\thuha\.jdks\corretto-21.0.3\bin\zip.dll
0x00007ff82ed30000 - 0x00007ff82ed40000 	C:\Users\thuha\.jdks\corretto-21.0.3\bin\net.dll
0x00007ff83ddd0000 - 0x00007ff83df06000 	C:\Windows\SYSTEM32\WINHTTP.dll
0x00007ff846f70000 - 0x00007ff846fd9000 	C:\Windows\system32\mswsock.dll
0x00007ff82ec10000 - 0x00007ff82ec26000 	C:\Users\thuha\.jdks\corretto-21.0.3\bin\nio.dll
0x00007ff82ebd0000 - 0x00007ff82ebea000 	C:\Program Files\JetBrains\IntelliJ IDEA 2024.1.4\bin\breakgen64.dll
0x00007ff82ebc0000 - 0x00007ff82ebc9000 	C:\Users\thuha\.jdks\corretto-21.0.3\bin\extnet.dll
0x00007ff82eaa0000 - 0x00007ff82eab0000 	C:\Users\thuha\.jdks\corretto-21.0.3\bin\verify.dll
0x00007ff8472c0000 - 0x00007ff8472db000 	C:\Windows\SYSTEM32\CRYPTSP.dll
0x00007ff846a70000 - 0x00007ff846aa5000 	C:\Windows\system32\rsaenh.dll
0x00007ff847010000 - 0x00007ff847038000 	C:\Windows\SYSTEM32\USERENV.dll
0x00007ff8472a0000 - 0x00007ff8472ac000 	C:\Windows\SYSTEM32\CRYPTBASE.dll
0x00007ff8465c0000 - 0x00007ff8465ed000 	C:\Windows\SYSTEM32\IPHLPAPI.DLL
0x00007ff8492c0000 - 0x00007ff8492c9000 	C:\Windows\System32\NSI.dll
0x00007ff8465f0000 - 0x00007ff8466e8000 	C:\Windows\SYSTEM32\DNSAPI.dll
0x00007ff83dbf0000 - 0x00007ff83dbfa000 	C:\Windows\System32\rasadhlp.dll
0x00007ff83a570000 - 0x00007ff83a5f3000 	C:\Windows\System32\fwpuclnt.dll

dbghelp: loaded successfully - version: 4.0.5 - missing functions: none
symbol engine: initialized successfully - sym options: 0x614 - pdb path: .;C:\Users\thuha\.jdks\corretto-21.0.3\bin;C:\Windows\SYSTEM32;C:\Windows\WinSxS\amd64_microsoft.windows.common-controls_6595b64144ccf1df_6.0.22621.3672_none_2713b9d173822955;C:\Users\thuha\.jdks\corretto-21.0.3\bin\server;C:\Program Files\JetBrains\IntelliJ IDEA 2024.1.4\bin

VM Arguments:
jvm_args: -javaagent:C:\Program Files\JetBrains\IntelliJ IDEA 2024.1.4\lib\idea_rt.jar=60341:C:\Program Files\JetBrains\IntelliJ IDEA 2024.1.4\bin -Dfile.encoding=UTF-8 -Dsun.stdout.encoding=UTF-8 -Dsun.stderr.encoding=UTF-8 
java_command: com.example.main.MainApp
java_class_path (initial): D:\NaiteiIntern\SpringCore\SpringHibernate\target\classes;C:\Users\thuha\.m2\repository\org\springframework\spring-context\5.3.19\spring-context-5.3.19.jar;C:\Users\thuha\.m2\repository\org\springframework\spring-aop\5.3.19\spring-aop-5.3.19.jar;C:\Users\thuha\.m2\repository\org\springframework\spring-beans\5.3.19\spring-beans-5.3.19.jar;C:\Users\thuha\.m2\repository\org\springframework\spring-core\5.3.19\spring-core-5.3.19.jar;C:\Users\thuha\.m2\repository\org\springframework\spring-jcl\5.3.19\spring-jcl-5.3.19.jar;C:\Users\thuha\.m2\repository\org\springframework\spring-expression\5.3.19\spring-expression-5.3.19.jar;C:\Users\thuha\.m2\repository\org\springframework\spring-orm\5.3.19\spring-orm-5.3.19.jar;C:\Users\thuha\.m2\repository\org\springframework\spring-jdbc\5.3.19\spring-jdbc-5.3.19.jar;C:\Users\thuha\.m2\repository\org\springframework\spring-tx\5.3.19\spring-tx-5.3.19.jar;C:\Users\thuha\.m2\repository\org\hibernate\hibernate-core\5.6.15.Final\hibernate-core-5.6.15.Final.jar;C:\Users\thuha\.m2\repository\org\jboss\logging\jboss-logging\3.4.3.Final\jboss-logging-3.4.3.Final.jar;C:\Users\thuha\.m2\repository\javax\persistence\javax.persistence-api\2.2\javax.persistence-api-2.2.jar;C:\Users\thuha\.m2\repository\net\bytebuddy\byte-buddy\1.12.18\byte-buddy-1.12.18.jar;C:\Users\thuha\.m2\repository\antlr\antlr\2.7.7\antlr-2.7.7.jar;C:\Users\thuha\.m2\repository\org\jboss\spec\javax\transaction\jboss-transaction-api_1.2_spec\1.1.1.Final\jboss-transaction-api_1.2_spec-1.1.1.Final.jar;C:\Users\thuha\.m2\repository\org\jboss\jandex\2.4.2.Final\jandex-2.4.2.Final.jar;C:\Users\thuha\.m2\repository\com\fasterxml\classmate\1.5.1\classmate-1.5.1.jar;C:\Users\thuha\.m2\repository\javax\activation\javax.activation-api\1.2.0\javax.activation-api-1.2.0.jar;C:\Users\thuha\.m2\repository\org\hibernate\common\hibernate-commons-annotations\5.1.2.Final\hibernate-commons-annotations-5.1.2.Final.jar;C:\Users\thuha\.m2\repository\javax\xml\bind\jaxb-api\2.3.1\jaxb-api-2.3.1.jar;C:\Users\thuha\.m2\repository\org\glassfish\jaxb\jaxb-runtime\2.3.1\jaxb-runtime-2.3.1.jar;C:\Users\thuha\.m2\repository\org\glassfish\jaxb\txw2\2.3.1\txw2-2.3.1.jar;C:\Users\thuha\.m2\repository\com\sun\istack\istack-commons-runtime\3.0.7\istack-commons-runtime-3.0.7.jar;C:\Users\thuha\.m2\repository\org\jvnet\staxex\stax-ex\1.8\stax-ex-1.8.jar;C:\Users\thuha\.m2\repository\com\sun\xml\fastinfoset\FastInfoset\1.2.15\FastInfoset-1.2.15.jar;C:\Users\thuha\.m2\repository\mysql\mysql-connector-java\8.0.29\mysql-connector-java-8.0.29.jar;C:\Users\thuha\.m2\repository\com\google\protobuf\protobuf-java\3.19.4\protobuf-java-3.19.4.jar
Launcher Type: SUN_STANDARD

[Global flags]
     intx CICompilerCount                          = 4                                         {product} {ergonomic}
     uint ConcGCThreads                            = 2                                         {product} {ergonomic}
     uint G1ConcRefinementThreads                  = 8                                         {product} {ergonomic}
   size_t G1HeapRegionSize                         = 1048576                                   {product} {ergonomic}
    uintx GCDrainStackTargetSize                   = 64                                        {product} {ergonomic}
   size_t InitialHeapSize                          = 130023424                                 {product} {ergonomic}
   size_t MarkStackSize                            = 4194304                                   {product} {ergonomic}
   size_t MaxHeapSize                              = 2080374784                                {product} {ergonomic}
   size_t MaxNewSize                               = 1247805440                                {product} {ergonomic}
   size_t MinHeapDeltaBytes                        = 1048576                                   {product} {ergonomic}
   size_t MinHeapSize                              = 8388608                                   {product} {ergonomic}
    uintx NonNMethodCodeHeapSize                   = 5839372                                {pd product} {ergonomic}
    uintx NonProfiledCodeHeapSize                  = 122909434                              {pd product} {ergonomic}
    uintx ProfiledCodeHeapSize                     = 122909434                              {pd product} {ergonomic}
    uintx ReservedCodeCacheSize                    = 251658240                              {pd product} {ergonomic}
     bool SegmentedCodeCache                       = true                                      {product} {ergonomic}
   size_t SoftMaxHeapSize                          = 2080374784                             {manageable} {ergonomic}
     bool UseCompressedOops                        = true                           {product lp64_product} {ergonomic}
     bool UseG1GC                                  = true                                      {product} {ergonomic}
     bool UseLargePagesIndividualAllocation        = false                                  {pd product} {ergonomic}

Logging:
Log output configuration:
 #0: stdout all=warning uptime,level,tags foldmultilines=false
 #1: stderr all=off uptime,level,tags foldmultilines=false

Environment Variables:
JAVA_HOME=C:\Program Files\Java\jdk-19
PATH=C:\Program Files\Common Files\Oracle\Java\javapath;C:\Program Files (x86)\Common Files\Oracle\Java\javapath;C:\Program Files\Python311\Scripts\;C:\Program Files\Python311\;C:\Windows\system32;C:\Windows;C:\Windows\System32\Wbem;C:\Windows\System32\WindowsPowerShell\v1.0\;C:\Windows\System32\OpenSSH\;C:\Program Files\dotnet\;C:\Program Files\Microsoft SQL Server\Client SDK\ODBC\170\Tools\Binn\;C:\Program Files (x86)\Microsoft SQL Server\150\Tools\Binn\;C:\Program Files\Microsoft SQL Server\150\Tools\Binn\;C:\Program Files\Microsoft SQL Server\150\DTS\Binn\;C:\Program Files (x86)\Microsoft SQL Server\150\DTS\Binn\;C:\Program Files\Azure Data Studio\bin;C:\ProgramData\ComposerSetup\bin;C:\Program Files\Git\cmd;C:\Users\thuha\AppData\Roaming\nvm;C:\Program Files\nodejs;C:\Program Files\nodejs\;C:\Program Files\Docker\Docker\resources\bin;C:\Program Files\PowerShell\7\;C:\Program Files\Java\jdk-19\bin;C:\Users\thuha\AppData\Local\Programs\Python\Launcher\;C:\Users\thuha\AppData\Local\Microsoft\WindowsApps;C:\msys64\mingw64\bin;C:\Users\thuha\AppData\Local\Programs\Microsoft VS Code\bin;C:\Program Files\Azure Data Studio\bin;C:\Users\thuha\.dotnet\tools;C:\Program Files\Java\jdk-19\bin;D:\xampp\php;C:\Users\thuha\AppData\Roaming\Composer\vendor\bin;C:\Users\thuha\AppData\Roaming\nvm;C:\Program Files\nodejs;C:\Program Files\sf\bin;C:\Users\thuha\AppData\Roaming\npm;C:\Users\thuha\Downloads\apache-maven-3.9.6-bin\apache-maven-3.9.6\bin;C:\Program Files\Java\jdk-19\bin;;C:\Program Files\JetBrains\IntelliJ IDEA Community Edition 2023.3.7\bin;;C:\Program Files\JetBrains\IntelliJ IDEA 2024.1.4\bin;
USERNAME=thuha
OS=Windows_NT
PROCESSOR_IDENTIFIER=Intel64 Family 6 Model 140 Stepping 2, GenuineIntel
TMP=C:\Users\thuha\AppData\Local\Temp
TEMP=C:\Users\thuha\AppData\Local\Temp




Periodic native trim disabled

---------------  S Y S T E M  ---------------

OS:
 Windows 11 , 64 bit Build 22621 (10.0.22621.3672)
OS uptime: 13 days 8:04 hours
Hyper-V role detected

CPU: total 8 (initial active 8) (4 cores per cpu, 2 threads per core) family 6 model 140 stepping 2 microcode 0x16, cx8, cmov, fxsr, ht, mmx, 3dnowpref, sse, sse2, sse3, ssse3, sse4.1, sse4.2, popcnt, lzcnt, tsc, tscinvbit, avx, avx2, aes, erms, clmul, bmi1, bmi2, adx, avx512f, avx512dq, avx512cd, avx512bw, avx512vl, sha, fma, vzeroupper, avx512_vpopcntdq, avx512_vpclmulqdq, avx512_vaes, avx512_vnni, clflush, clflushopt, clwb, avx512_vbmi2, avx512_vbmi, hv, rdtscp, rdpid, fsrm, gfni, avx512_bitalg, f16c, cet_ibt, cet_ss, avx512_ifma
Processor Information for processor 0
  Max Mhz: 2496, Current Mhz: 2496, Mhz Limit: 2496
Processor Information for processor 1
  Max Mhz: 2496, Current Mhz: 2496, Mhz Limit: 2496
Processor Information for processor 2
  Max Mhz: 2496, Current Mhz: 2496, Mhz Limit: 2496
Processor Information for processor 3
  Max Mhz: 2496, Current Mhz: 2496, Mhz Limit: 2496
Processor Information for processor 4
  Max Mhz: 2496, Current Mhz: 2496, Mhz Limit: 2496
Processor Information for processor 5
  Max Mhz: 2496, Current Mhz: 2496, Mhz Limit: 2496
Processor Information for processor 6
  Max Mhz: 2496, Current Mhz: 2496, Mhz Limit: 2496
Processor Information for processor 7
  Max Mhz: 2496, Current Mhz: 1198, Mhz Limit: 2496

Memory: 4k page, system-wide physical 7934M (1102M free)
TotalPageFile size 16126M (AvailPageFile size 3M)
current process WorkingSet (physical memory assigned to process): 107M, peak: 107M
current process commit charge ("private bytes"): 242M, peak: 243M

vm_info: OpenJDK 64-Bit Server VM (21.0.3+9-LTS) for windows-amd64 JRE (21.0.3+9-LTS), built on 2024-04-10T19:10:39Z by "Administrator" with MS VC++ 16.10 / 16.11 (VS2019)

END.
